{"/home/travis/build/npmtest/node-npmtest-systemjs-builder/test.js":{"path":"/home/travis/build/npmtest/node-npmtest-systemjs-builder/test.js","s":{"1":2,"2":2,"3":2,"4":2,"5":2,"6":2,"7":2,"8":1,"9":2,"10":2,"11":1,"12":1,"13":1,"14":1,"15":2,"16":2,"17":2,"18":2,"19":1,"20":1,"21":2,"22":2,"23":2,"24":1,"25":1,"26":1,"27":1,"28":1,"29":1,"30":1,"31":1,"32":1,"33":1,"34":1,"35":1,"36":1,"37":1,"38":1,"39":2,"40":2,"41":1,"42":2,"43":2,"44":1,"45":2,"46":2,"47":1,"48":2,"49":2,"50":1,"51":1,"52":1,"53":1,"54":1},"b":{"1":[2,1,1,1],"2":[1,1,1,1],"3":[1,1],"4":[1,1],"5":[1,1],"6":[1,1],"7":[1,1],"8":[1,1],"9":[1,1],"10":[1,1,1],"11":[1,1],"12":[1,1],"13":[1,1],"14":[1,1],"15":[1,1],"16":[1,1],"17":[1,1]},"f":{"1":2,"2":2,"3":2,"4":2,"5":2,"6":1,"7":1,"8":1,"9":2,"10":2,"11":2,"12":2,"13":1},"fnMap":{"1":{"name":"(anonymous_1)","line":12,"loc":{"start":{"line":12,"column":1},"end":{"line":12,"column":13}}},"2":{"name":"(anonymous_2)","line":19,"loc":{"start":{"line":19,"column":5},"end":{"line":19,"column":17}}},"3":{"name":"(anonymous_3)","line":23,"loc":{"start":{"line":23,"column":24},"end":{"line":23,"column":36}}},"4":{"name":"(anonymous_4)","line":61,"loc":{"start":{"line":61,"column":5},"end":{"line":61,"column":17}}},"5":{"name":"(anonymous_5)","line":82,"loc":{"start":{"line":82,"column":5},"end":{"line":82,"column":17}}},"6":{"name":"(anonymous_6)","line":91,"loc":{"start":{"line":91,"column":77},"end":{"line":94,"column":10}}},"7":{"name":"(anonymous_7)","line":112,"loc":{"start":{"line":112,"column":83},"end":{"line":115,"column":10}},"skip":true},"8":{"name":"(anonymous_8)","line":123,"loc":{"start":{"line":123,"column":77},"end":{"line":126,"column":10}},"skip":true},"9":{"name":"(anonymous_9)","line":139,"loc":{"start":{"line":139,"column":12},"end":{"line":139,"column":40}},"skip":true},"10":{"name":"(anonymous_10)","line":147,"loc":{"start":{"line":147,"column":77},"end":{"line":150,"column":10}},"skip":true},"11":{"name":"(anonymous_11)","line":158,"loc":{"start":{"line":158,"column":83},"end":{"line":161,"column":10}},"skip":true},"12":{"name":"(anonymous_12)","line":169,"loc":{"start":{"line":169,"column":79},"end":{"line":172,"column":10}},"skip":true},"13":{"name":"(anonymous_13)","line":180,"loc":{"start":{"line":180,"column":75},"end":{"line":183,"column":10}},"skip":true}},"statementMap":{"1":{"start":{"line":12,"column":0},"end":{"line":195,"column":5}},"2":{"start":{"line":14,"column":4},"end":{"line":14,"column":14}},"3":{"start":{"line":19,"column":4},"end":{"line":56,"column":9}},"4":{"start":{"line":21,"column":8},"end":{"line":21,"column":19}},"5":{"start":{"line":23,"column":8},"end":{"line":35,"column":13}},"6":{"start":{"line":24,"column":12},"end":{"line":34,"column":13}},"7":{"start":{"line":25,"column":16},"end":{"line":28,"column":30}},"8":{"start":{"line":30,"column":16},"end":{"line":33,"column":27}},"9":{"start":{"line":37,"column":8},"end":{"line":39,"column":21}},"10":{"start":{"line":40,"column":8},"end":{"line":53,"column":9}},"11":{"start":{"line":43,"column":12},"end":{"line":46,"column":14}},"12":{"start":{"line":47,"column":12},"end":{"line":47,"column":18}},"13":{"start":{"line":50,"column":12},"end":{"line":51,"column":46}},"14":{"start":{"line":52,"column":12},"end":{"line":52,"column":18}},"15":{"start":{"line":55,"column":8},"end":{"line":55,"column":35}},"16":{"start":{"line":61,"column":4},"end":{"line":63,"column":9}},"17":{"start":{"line":62,"column":8},"end":{"line":62,"column":15}},"18":{"start":{"line":64,"column":4},"end":{"line":77,"column":5}},"19":{"start":{"line":70,"column":8},"end":{"line":70,"column":14}},"20":{"start":{"line":76,"column":8},"end":{"line":76,"column":14}},"21":{"start":{"line":82,"column":4},"end":{"line":84,"column":9}},"22":{"start":{"line":83,"column":8},"end":{"line":83,"column":15}},"23":{"start":{"line":85,"column":4},"end":{"line":194,"column":5}},"24":{"start":{"line":91,"column":8},"end":{"line":99,"column":10}},"25":{"start":{"line":98,"column":12},"end":{"line":98,"column":35}},"26":{"start":{"line":102,"column":8},"end":{"line":104,"column":63}},"27":{"start":{"line":105,"column":8},"end":{"line":105,"column":14}},"28":{"start":{"line":112,"column":8},"end":{"line":121,"column":10},"skip":true},"29":{"start":{"line":119,"column":12},"end":{"line":119,"column":55},"skip":true},"30":{"start":{"line":120,"column":12},"end":{"line":120,"column":48},"skip":true},"31":{"start":{"line":123,"column":8},"end":{"line":136,"column":10},"skip":true},"32":{"start":{"line":130,"column":12},"end":{"line":130,"column":76},"skip":true},"33":{"start":{"line":131,"column":12},"end":{"line":131,"column":73},"skip":true},"34":{"start":{"line":132,"column":12},"end":{"line":132,"column":74},"skip":true},"35":{"start":{"line":133,"column":12},"end":{"line":133,"column":79},"skip":true},"36":{"start":{"line":134,"column":12},"end":{"line":134,"column":25},"skip":true},"37":{"start":{"line":135,"column":12},"end":{"line":135,"column":45},"skip":true},"38":{"start":{"line":138,"column":8},"end":{"line":145,"column":14},"skip":true},"39":{"start":{"line":143,"column":16},"end":{"line":143,"column":29},"skip":true},"40":{"start":{"line":144,"column":16},"end":{"line":144,"column":55},"skip":true},"41":{"start":{"line":147,"column":8},"end":{"line":156,"column":10},"skip":true},"42":{"start":{"line":154,"column":12},"end":{"line":154,"column":25},"skip":true},"43":{"start":{"line":155,"column":12},"end":{"line":155,"column":45},"skip":true},"44":{"start":{"line":158,"column":8},"end":{"line":167,"column":10},"skip":true},"45":{"start":{"line":165,"column":12},"end":{"line":165,"column":25},"skip":true},"46":{"start":{"line":166,"column":12},"end":{"line":166,"column":48},"skip":true},"47":{"start":{"line":169,"column":8},"end":{"line":178,"column":10},"skip":true},"48":{"start":{"line":176,"column":12},"end":{"line":176,"column":25},"skip":true},"49":{"start":{"line":177,"column":12},"end":{"line":177,"column":46},"skip":true},"50":{"start":{"line":180,"column":8},"end":{"line":189,"column":10},"skip":true},"51":{"start":{"line":187,"column":12},"end":{"line":187,"column":94},"skip":true},"52":{"start":{"line":188,"column":12},"end":{"line":188,"column":48},"skip":true},"53":{"start":{"line":192,"column":8},"end":{"line":192,"column":35},"skip":true},"54":{"start":{"line":193,"column":8},"end":{"line":193,"column":14},"skip":true}},"branchMap":{"1":{"line":25,"type":"binary-expr","locations":[{"start":{"line":25,"column":23},"end":{"line":25,"column":62}},{"start":{"line":26,"column":20},"end":{"line":26,"column":70}},{"start":{"line":27,"column":20},"end":{"line":27,"column":71}},{"start":{"line":28,"column":20},"end":{"line":28,"column":29}}]},"2":{"line":30,"type":"binary-expr","locations":[{"start":{"line":30,"column":23},"end":{"line":30,"column":37}},{"start":{"line":31,"column":20},"end":{"line":31,"column":61}},{"start":{"line":32,"column":20},"end":{"line":32,"column":70}},{"start":{"line":33,"column":20},"end":{"line":33,"column":26}}]},"3":{"line":37,"type":"cond-expr","locations":[{"start":{"line":38,"column":14},"end":{"line":38,"column":20}},{"start":{"line":39,"column":14},"end":{"line":39,"column":20}}]},"4":{"line":40,"type":"switch","locations":[{"start":{"line":42,"column":8},"end":{"line":47,"column":18}},{"start":{"line":49,"column":8},"end":{"line":52,"column":18}}]},"5":{"line":44,"type":"binary-expr","locations":[{"start":{"line":44,"column":16},"end":{"line":44,"column":44}},{"start":{"line":44,"column":48},"end":{"line":44,"column":66}}]},"6":{"line":50,"type":"binary-expr","locations":[{"start":{"line":50,"column":21},"end":{"line":50,"column":49}},{"start":{"line":50,"column":53},"end":{"line":50,"column":72}}]},"7":{"line":64,"type":"switch","locations":[{"start":{"line":69,"column":4},"end":{"line":70,"column":14}},{"start":{"line":75,"column":4},"end":{"line":76,"column":14}}]},"8":{"line":85,"type":"switch","locations":[{"start":{"line":90,"column":4},"end":{"line":105,"column":14}},{"start":{"line":111,"column":4},"end":{"line":193,"column":14},"skip":true}]},"9":{"line":91,"type":"binary-expr","locations":[{"start":{"line":91,"column":42},"end":{"line":91,"column":73}},{"start":{"line":91,"column":77},"end":{"line":99,"column":9}}]},"10":{"line":102,"type":"binary-expr","locations":[{"start":{"line":102,"column":18},"end":{"line":102,"column":32}},{"start":{"line":103,"column":12},"end":{"line":103,"column":53}},{"start":{"line":104,"column":12},"end":{"line":104,"column":61}}]},"11":{"line":112,"type":"binary-expr","locations":[{"start":{"line":112,"column":45},"end":{"line":112,"column":79},"skip":true},{"start":{"line":112,"column":83},"end":{"line":121,"column":9},"skip":true}]},"12":{"line":123,"type":"binary-expr","locations":[{"start":{"line":123,"column":42},"end":{"line":123,"column":73},"skip":true},{"start":{"line":123,"column":77},"end":{"line":136,"column":9},"skip":true}]},"13":{"line":138,"type":"binary-expr","locations":[{"start":{"line":138,"column":48},"end":{"line":138,"column":85},"skip":true},{"start":{"line":139,"column":12},"end":{"line":145,"column":13},"skip":true}]},"14":{"line":147,"type":"binary-expr","locations":[{"start":{"line":147,"column":42},"end":{"line":147,"column":73},"skip":true},{"start":{"line":147,"column":77},"end":{"line":156,"column":9},"skip":true}]},"15":{"line":158,"type":"binary-expr","locations":[{"start":{"line":158,"column":45},"end":{"line":158,"column":79},"skip":true},{"start":{"line":158,"column":83},"end":{"line":167,"column":9},"skip":true}]},"16":{"line":169,"type":"binary-expr","locations":[{"start":{"line":169,"column":43},"end":{"line":169,"column":75},"skip":true},{"start":{"line":169,"column":79},"end":{"line":178,"column":9},"skip":true}]},"17":{"line":180,"type":"binary-expr","locations":[{"start":{"line":180,"column":41},"end":{"line":180,"column":71},"skip":true},{"start":{"line":180,"column":75},"end":{"line":189,"column":9},"skip":true}]}},"code":["/* istanbul instrument in package npmtest_systemjs_builder */","/*jslint","    bitwise: true,","    browser: true,","    maxerr: 8,","    maxlen: 96,","    node: true,","    nomen: true,","    regexp: true,","    stupid: true","*/","(function () {","    'use strict';","    var local;","","","","    // run shared js-env code - pre-init","    (function () {","        // init local","        local = {};","        // init modeJs","        local.modeJs = (function () {","            try {","                return typeof navigator.userAgent === 'string' &&","                    typeof document.querySelector('body') === 'object' &&","                    typeof XMLHttpRequest.prototype.open === 'function' &&","                    'browser';","            } catch (errorCaughtBrowser) {","                return module.exports &&","                    typeof process.versions.node === 'string' &&","                    typeof require('http').createServer === 'function' &&","                    'node';","            }","        }());","        // init global","        local.global = local.modeJs === 'browser'","            ? window","            : global;","        switch (local.modeJs) {","        // re-init local from window.local","        case 'browser':","            local = local.global.utility2.objectSetDefault(","                local.global.utility2_rollup || local.global.local,","                local.global.utility2","            );","            break;","        // re-init local from example.js","        case 'node':","            local = (local.global.utility2_rollup || require('utility2'))","                .requireExampleJsFromReadme();","            break;","        }","        // export local","        local.global.local = local;","    }());","","","","    // run shared js-env code - function","    (function () {","        return;","    }());","    switch (local.modeJs) {","","","","    // run browser js-env code - function","    case 'browser':","        break;","","","","    // run node js-env code - function","    case 'node':","        break;","    }","","","","    // run shared js-env code - post-init","    (function () {","        return;","    }());","    switch (local.modeJs) {","","","","    // run browser js-env code - post-init","    case 'browser':","        local.testCase_browser_nullCase = local.testCase_browser_nullCase || function (","            options,","            onError","        ) {","        /*","         * this function will test browsers's null-case handling-behavior-behavior","         */","            onError(null, options);","        };","","        // run tests","        local.nop(local.modeTest &&","            document.querySelector('#testRunButton1') &&","            document.querySelector('#testRunButton1').click());","        break;","","","","    // run node js-env code - post-init","    /* istanbul ignore next */","    case 'node':","        local.testCase_buildApidoc_default = local.testCase_buildApidoc_default || function (","            options,","            onError","        ) {","        /*","         * this function will test buildApidoc's default handling-behavior-behavior","         */","            options = { modulePathList: module.paths };","            local.buildApidoc(options, onError);","        };","","        local.testCase_buildApp_default = local.testCase_buildApp_default || function (","            options,","            onError","        ) {","        /*","         * this function will test buildApp's default handling-behavior-behavior","         */","            local.testCase_buildReadme_default(options, local.onErrorThrow);","            local.testCase_buildLib_default(options, local.onErrorThrow);","            local.testCase_buildTest_default(options, local.onErrorThrow);","            local.testCase_buildCustomOrg_default(options, local.onErrorThrow);","            options = [];","            local.buildApp(options, onError);","        };","","        local.testCase_buildCustomOrg_default = local.testCase_buildCustomOrg_default ||","            function (options, onError) {","            /*","             * this function will test buildCustomOrg's default handling-behavior","             */","                options = {};","                local.buildCustomOrg(options, onError);","            };","","        local.testCase_buildLib_default = local.testCase_buildLib_default || function (","            options,","            onError","        ) {","        /*","         * this function will test buildLib's default handling-behavior","         */","            options = {};","            local.buildLib(options, onError);","        };","","        local.testCase_buildReadme_default = local.testCase_buildReadme_default || function (","            options,","            onError","        ) {","        /*","         * this function will test buildReadme's default handling-behavior-behavior","         */","            options = {};","            local.buildReadme(options, onError);","        };","","        local.testCase_buildTest_default = local.testCase_buildTest_default || function (","            options,","            onError","        ) {","        /*","         * this function will test buildTest's default handling-behavior","         */","            options = {};","            local.buildTest(options, onError);","        };","","        local.testCase_webpage_default = local.testCase_webpage_default || function (","            options,","            onError","        ) {","        /*","         * this function will test webpage's default handling-behavior","         */","            options = { modeCoverageMerge: true, url: local.serverLocalHost + '?modeTest=1' };","            local.browserTest(options, onError);","        };","","        // run test-server","        local.testRunServer(local);","        break;","    }","}());",""],"l":{"12":2,"14":2,"19":2,"21":2,"23":2,"24":2,"25":2,"30":1,"37":2,"40":2,"43":1,"47":1,"50":1,"52":1,"55":2,"61":2,"62":2,"64":2,"70":1,"76":1,"82":2,"83":2,"85":2,"91":1,"98":1,"102":1,"105":1,"112":1,"119":1,"120":1,"123":1,"130":1,"131":1,"132":1,"133":1,"134":1,"135":1,"138":1,"143":2,"144":2,"147":1,"154":2,"155":2,"158":1,"165":2,"166":2,"169":1,"176":2,"177":2,"180":1,"187":1,"188":1,"192":1,"193":1}},"/home/travis/build/npmtest/node-npmtest-systemjs-builder/lib.npmtest_systemjs_builder.js":{"path":"/home/travis/build/npmtest/node-npmtest-systemjs-builder/lib.npmtest_systemjs_builder.js","s":{"1":2,"2":2,"3":2,"4":2,"5":2,"6":2,"7":2,"8":1,"9":2,"10":2,"11":2,"12":2,"13":1,"14":1,"15":1,"16":1},"b":{"1":[2,1,1,1],"2":[1,1,1,1],"3":[1,1],"4":[2,2],"5":[1,1]},"f":{"1":2,"2":2,"3":2},"fnMap":{"1":{"name":"(anonymous_1)","line":12,"loc":{"start":{"line":12,"column":1},"end":{"line":12,"column":13}}},"2":{"name":"(anonymous_2)","line":19,"loc":{"start":{"line":19,"column":5},"end":{"line":19,"column":17}}},"3":{"name":"(anonymous_3)","line":23,"loc":{"start":{"line":23,"column":24},"end":{"line":23,"column":36}}}},"statementMap":{"1":{"start":{"line":12,"column":0},"end":{"line":53,"column":5}},"2":{"start":{"line":14,"column":4},"end":{"line":14,"column":14}},"3":{"start":{"line":19,"column":4},"end":{"line":52,"column":9}},"4":{"start":{"line":21,"column":8},"end":{"line":21,"column":19}},"5":{"start":{"line":23,"column":8},"end":{"line":35,"column":13}},"6":{"start":{"line":24,"column":12},"end":{"line":34,"column":13}},"7":{"start":{"line":25,"column":16},"end":{"line":28,"column":30}},"8":{"start":{"line":30,"column":16},"end":{"line":33,"column":27}},"9":{"start":{"line":37,"column":8},"end":{"line":39,"column":21}},"10":{"start":{"line":41,"column":8},"end":{"line":41,"column":54}},"11":{"start":{"line":43,"column":8},"end":{"line":43,"column":61}},"12":{"start":{"line":45,"column":8},"end":{"line":51,"column":9}},"13":{"start":{"line":46,"column":12},"end":{"line":46,"column":67}},"14":{"start":{"line":48,"column":12},"end":{"line":48,"column":35}},"15":{"start":{"line":49,"column":12},"end":{"line":49,"column":49}},"16":{"start":{"line":50,"column":12},"end":{"line":50,"column":43}}},"branchMap":{"1":{"line":25,"type":"binary-expr","locations":[{"start":{"line":25,"column":23},"end":{"line":25,"column":62}},{"start":{"line":26,"column":20},"end":{"line":26,"column":70}},{"start":{"line":27,"column":20},"end":{"line":27,"column":71}},{"start":{"line":28,"column":20},"end":{"line":28,"column":29}}]},"2":{"line":30,"type":"binary-expr","locations":[{"start":{"line":30,"column":23},"end":{"line":30,"column":37}},{"start":{"line":31,"column":20},"end":{"line":31,"column":61}},{"start":{"line":32,"column":20},"end":{"line":32,"column":70}},{"start":{"line":33,"column":20},"end":{"line":33,"column":26}}]},"3":{"line":37,"type":"cond-expr","locations":[{"start":{"line":38,"column":14},"end":{"line":38,"column":20}},{"start":{"line":39,"column":14},"end":{"line":39,"column":20}}]},"4":{"line":41,"type":"binary-expr","locations":[{"start":{"line":41,"column":16},"end":{"line":41,"column":44}},{"start":{"line":41,"column":48},"end":{"line":41,"column":53}}]},"5":{"line":45,"type":"if","locations":[{"start":{"line":45,"column":8},"end":{"line":45,"column":8}},{"start":{"line":45,"column":8},"end":{"line":45,"column":8}}]}},"code":["/* istanbul instrument in package npmtest_systemjs_builder */","/*jslint","    bitwise: true,","    browser: true,","    maxerr: 8,","    maxlen: 96,","    node: true,","    nomen: true,","    regexp: true,","    stupid: true","*/","(function () {","    'use strict';","    var local;","","","","    // run shared js-env code - pre-init","    (function () {","        // init local","        local = {};","        // init modeJs","        local.modeJs = (function () {","            try {","                return typeof navigator.userAgent === 'string' &&","                    typeof document.querySelector('body') === 'object' &&","                    typeof XMLHttpRequest.prototype.open === 'function' &&","                    'browser';","            } catch (errorCaughtBrowser) {","                return module.exports &&","                    typeof process.versions.node === 'string' &&","                    typeof require('http').createServer === 'function' &&","                    'node';","            }","        }());","        // init global","        local.global = local.modeJs === 'browser'","            ? window","            : global;","        // init utility2_rollup","        local = local.global.utility2_rollup || local;","        // init lib","        local.local = local.npmtest_systemjs_builder = local;","        // init exports","        if (local.modeJs === 'browser') {","            local.global.utility2_npmtest_systemjs_builder = local;","        } else {","            module.exports = local;","            module.exports.__dirname = __dirname;","            module.exports.module = module;","        }","    }());","}());",""],"l":{"12":2,"14":2,"19":2,"21":2,"23":2,"24":2,"25":2,"30":1,"37":2,"41":2,"43":2,"45":2,"46":1,"48":1,"49":1,"50":1}},"/home/travis/build/npmtest/node-npmtest-systemjs-builder/example.js":{"path":"/home/travis/build/npmtest/node-npmtest-systemjs-builder/example.js","s":{"1":2,"2":2,"3":2,"4":2,"5":2,"6":2,"7":2,"8":1,"9":2,"10":2,"11":2,"12":2,"13":1,"14":2,"15":2,"16":2,"17":2,"18":2,"19":0,"20":2,"21":1,"22":1,"23":1,"24":1,"25":1,"26":0,"27":0,"28":1,"29":1,"30":2,"31":0,"32":0,"33":0,"34":1,"35":2,"36":2,"37":3,"38":3,"39":3,"40":3,"41":0,"42":3,"43":3,"44":3,"45":1,"46":3,"47":1,"48":1,"49":1,"50":1,"51":1,"52":1,"53":1,"54":1,"55":1,"56":1,"57":0,"58":1,"59":6,"60":6,"61":1,"62":2,"63":0,"64":2,"65":1,"66":1,"67":0,"68":0,"69":0,"70":0,"71":0,"72":0,"73":0,"74":0,"75":0,"76":0,"77":0,"78":0,"79":0,"80":0,"81":0,"82":0,"83":0},"b":{"1":[2,1,1,1],"2":[1,1,1,1],"3":[1,1],"4":[2,2],"5":[1,1],"6":[1,1],"7":[2,0],"8":[2,1,1,1,1,1],"9":[0,2,0],"10":[1,1],"11":[2,1,1],"12":[1,0],"13":[0,2],"14":[2,0,0,0,0,0,0],"15":[0,3],"16":[3,0],"17":[1,1],"18":[0,1],"19":[1,2,0,2],"20":[1,0],"21":[1,1],"22":[0,0],"23":[0,0],"24":[0,0],"25":[0,0],"26":[0,0],"27":[0,0],"28":[0,0]},"f":{"1":2,"2":2,"3":2,"4":2,"5":2,"6":2,"7":3,"8":3,"9":3,"10":1,"11":6,"12":0},"fnMap":{"1":{"name":"(anonymous_1)","line":26,"loc":{"start":{"line":26,"column":1},"end":{"line":26,"column":13}}},"2":{"name":"(anonymous_2)","line":33,"loc":{"start":{"line":33,"column":5},"end":{"line":33,"column":17}}},"3":{"name":"(anonymous_3)","line":37,"loc":{"start":{"line":37,"column":24},"end":{"line":37,"column":36}}},"4":{"name":"(anonymous_4)","line":69,"loc":{"start":{"line":69,"column":31},"end":{"line":69,"column":48}},"skip":true},"5":{"name":"(anonymous_5)","line":78,"loc":{"start":{"line":78,"column":26},"end":{"line":78,"column":45}},"skip":true},"6":{"name":"(anonymous_6)","line":123,"loc":{"start":{"line":123,"column":33},"end":{"line":123,"column":48}},"skip":true},"7":{"name":"(anonymous_7)","line":125,"loc":{"start":{"line":125,"column":27},"end":{"line":125,"column":39}},"skip":true},"8":{"name":"(anonymous_8)","line":133,"loc":{"start":{"line":133,"column":59},"end":{"line":133,"column":74}},"skip":true},"9":{"name":"(anonymous_9)","line":143,"loc":{"start":{"line":143,"column":45},"end":{"line":143,"column":62}},"skip":true},"10":{"name":"(anonymous_10)","line":144,"loc":{"start":{"line":144,"column":73},"end":{"line":144,"column":92}},"skip":true},"11":{"name":"(anonymous_11)","line":272,"loc":{"start":{"line":272,"column":51},"end":{"line":272,"column":77}},"skip":true},"12":{"name":"(anonymous_12)","line":315,"loc":{"start":{"line":315,"column":32},"end":{"line":315,"column":61}},"skip":true}},"statementMap":{"1":{"start":{"line":26,"column":0},"end":{"line":326,"column":5}},"2":{"start":{"line":28,"column":4},"end":{"line":28,"column":14}},"3":{"start":{"line":33,"column":4},"end":{"line":60,"column":9}},"4":{"start":{"line":35,"column":8},"end":{"line":35,"column":19}},"5":{"start":{"line":37,"column":8},"end":{"line":49,"column":13}},"6":{"start":{"line":38,"column":12},"end":{"line":48,"column":13}},"7":{"start":{"line":39,"column":16},"end":{"line":42,"column":30}},"8":{"start":{"line":44,"column":16},"end":{"line":47,"column":27}},"9":{"start":{"line":51,"column":8},"end":{"line":53,"column":21}},"10":{"start":{"line":55,"column":8},"end":{"line":57,"column":45}},"11":{"start":{"line":59,"column":8},"end":{"line":59,"column":35}},"12":{"start":{"line":61,"column":4},"end":{"line":325,"column":5}},"13":{"start":{"line":69,"column":8},"end":{"line":121,"column":10},"skip":true},"14":{"start":{"line":70,"column":12},"end":{"line":88,"column":13},"skip":true},"15":{"start":{"line":76,"column":16},"end":{"line":87,"column":19},"skip":true},"16":{"start":{"line":79,"column":20},"end":{"line":86,"column":21},"skip":true},"17":{"start":{"line":82,"column":24},"end":{"line":82,"column":43},"skip":true},"18":{"start":{"line":83,"column":24},"end":{"line":83,"column":30},"skip":true},"19":{"start":{"line":85,"column":24},"end":{"line":85,"column":49},"skip":true},"20":{"start":{"line":89,"column":12},"end":{"line":107,"column":13},"skip":true},"21":{"start":{"line":92,"column":16},"end":{"line":102,"column":17},"skip":true},"22":{"start":{"line":93,"column":20},"end":{"line":93,"column":86},"skip":true},"23":{"start":{"line":94,"column":20},"end":{"line":95,"column":45},"skip":true},"24":{"start":{"line":96,"column":20},"end":{"line":96,"column":42},"skip":true},"25":{"start":{"line":97,"column":20},"end":{"line":97,"column":48},"skip":true},"26":{"start":{"line":100,"column":20},"end":{"line":100,"column":85},"skip":true},"27":{"start":{"line":101,"column":20},"end":{"line":101,"column":96},"skip":true},"28":{"start":{"line":103,"column":16},"end":{"line":103,"column":22},"skip":true},"29":{"start":{"line":106,"column":16},"end":{"line":106,"column":22},"skip":true},"30":{"start":{"line":108,"column":12},"end":{"line":120,"column":13},"skip":true},"31":{"start":{"line":114,"column":16},"end":{"line":119,"column":17},"skip":true},"32":{"start":{"line":116,"column":20},"end":{"line":116,"column":78},"skip":true},"33":{"start":{"line":118,"column":20},"end":{"line":118,"column":47},"skip":true},"34":{"start":{"line":123,"column":8},"end":{"line":141,"column":11},"skip":true},"35":{"start":{"line":124,"column":12},"end":{"line":124,"column":54},"skip":true},"36":{"start":{"line":125,"column":12},"end":{"line":140,"column":14},"skip":true},"37":{"start":{"line":126,"column":16},"end":{"line":126,"column":28},"skip":true},"38":{"start":{"line":127,"column":16},"end":{"line":127,"column":69},"skip":true},"39":{"start":{"line":128,"column":16},"end":{"line":128,"column":75},"skip":true},"40":{"start":{"line":129,"column":16},"end":{"line":131,"column":17},"skip":true},"41":{"start":{"line":130,"column":20},"end":{"line":130,"column":27},"skip":true},"42":{"start":{"line":133,"column":16},"end":{"line":137,"column":36},"skip":true},"43":{"start":{"line":134,"column":20},"end":{"line":136,"column":55},"skip":true},"44":{"start":{"line":139,"column":16},"end":{"line":139,"column":57},"skip":true},"45":{"start":{"line":143,"column":8},"end":{"line":147,"column":11},"skip":true},"46":{"start":{"line":144,"column":12},"end":{"line":146,"column":15},"skip":true},"47":{"start":{"line":145,"column":16},"end":{"line":145,"column":70},"skip":true},"48":{"start":{"line":149,"column":8},"end":{"line":149,"column":31},"skip":true},"49":{"start":{"line":150,"column":8},"end":{"line":150,"column":14},"skip":true},"50":{"start":{"line":158,"column":8},"end":{"line":158,"column":31},"skip":true},"51":{"start":{"line":160,"column":8},"end":{"line":160,"column":33},"skip":true},"52":{"start":{"line":161,"column":8},"end":{"line":161,"column":37},"skip":true},"53":{"start":{"line":162,"column":8},"end":{"line":162,"column":35},"skip":true},"54":{"start":{"line":164,"column":8},"end":{"line":164,"column":50},"skip":true},"55":{"start":{"line":166,"column":8},"end":{"line":256,"column":2},"skip":true},"56":{"start":{"line":258,"column":8},"end":{"line":286,"column":9},"skip":true},"57":{"start":{"line":259,"column":12},"end":{"line":269,"column":14},"skip":true},"58":{"start":{"line":271,"column":12},"end":{"line":285,"column":19},"skip":true},"59":{"start":{"line":274,"column":20},"end":{"line":274,"column":35},"skip":true},"60":{"start":{"line":275,"column":20},"end":{"line":284,"column":21},"skip":true},"61":{"start":{"line":277,"column":24},"end":{"line":277,"column":64},"skip":true},"62":{"start":{"line":279,"column":24},"end":{"line":279,"column":40},"skip":true},"63":{"start":{"line":281,"column":24},"end":{"line":281,"column":40},"skip":true},"64":{"start":{"line":283,"column":24},"end":{"line":283,"column":39},"skip":true},"65":{"start":{"line":288,"column":8},"end":{"line":290,"column":9},"skip":true},"66":{"start":{"line":289,"column":12},"end":{"line":289,"column":18},"skip":true},"67":{"start":{"line":291,"column":8},"end":{"line":293,"column":54},"skip":true},"68":{"start":{"line":296,"column":8},"end":{"line":301,"column":37},"skip":true},"69":{"start":{"line":303,"column":8},"end":{"line":303,"column":82},"skip":true},"70":{"start":{"line":306,"column":8},"end":{"line":308,"column":9},"skip":true},"71":{"start":{"line":307,"column":12},"end":{"line":307,"column":82},"skip":true},"72":{"start":{"line":310,"column":8},"end":{"line":312,"column":9},"skip":true},"73":{"start":{"line":311,"column":12},"end":{"line":311,"column":18},"skip":true},"74":{"start":{"line":313,"column":8},"end":{"line":313,"column":54},"skip":true},"75":{"start":{"line":314,"column":8},"end":{"line":314,"column":69},"skip":true},"76":{"start":{"line":315,"column":8},"end":{"line":323,"column":36},"skip":true},"77":{"start":{"line":316,"column":12},"end":{"line":316,"column":61},"skip":true},"78":{"start":{"line":317,"column":12},"end":{"line":320,"column":13},"skip":true},"79":{"start":{"line":318,"column":16},"end":{"line":318,"column":75},"skip":true},"80":{"start":{"line":319,"column":16},"end":{"line":319,"column":23},"skip":true},"81":{"start":{"line":321,"column":12},"end":{"line":321,"column":38},"skip":true},"82":{"start":{"line":322,"column":12},"end":{"line":322,"column":27},"skip":true},"83":{"start":{"line":324,"column":8},"end":{"line":324,"column":14},"skip":true}},"branchMap":{"1":{"line":39,"type":"binary-expr","locations":[{"start":{"line":39,"column":23},"end":{"line":39,"column":62}},{"start":{"line":40,"column":20},"end":{"line":40,"column":70}},{"start":{"line":41,"column":20},"end":{"line":41,"column":71}},{"start":{"line":42,"column":20},"end":{"line":42,"column":29}}]},"2":{"line":44,"type":"binary-expr","locations":[{"start":{"line":44,"column":23},"end":{"line":44,"column":37}},{"start":{"line":45,"column":20},"end":{"line":45,"column":61}},{"start":{"line":46,"column":20},"end":{"line":46,"column":70}},{"start":{"line":47,"column":20},"end":{"line":47,"column":26}}]},"3":{"line":51,"type":"cond-expr","locations":[{"start":{"line":52,"column":14},"end":{"line":52,"column":20}},{"start":{"line":53,"column":14},"end":{"line":53,"column":20}}]},"4":{"line":55,"type":"binary-expr","locations":[{"start":{"line":55,"column":16},"end":{"line":55,"column":44}},{"start":{"line":55,"column":49},"end":{"line":57,"column":43}}]},"5":{"line":55,"type":"cond-expr","locations":[{"start":{"line":56,"column":14},"end":{"line":56,"column":60}},{"start":{"line":57,"column":14},"end":{"line":57,"column":43}}]},"6":{"line":61,"type":"switch","locations":[{"start":{"line":68,"column":4},"end":{"line":150,"column":14},"skip":true},{"start":{"line":156,"column":4},"end":{"line":324,"column":14},"skip":true}]},"7":{"line":70,"type":"if","locations":[{"start":{"line":70,"column":12},"end":{"line":70,"column":12},"skip":true},{"start":{"line":70,"column":12},"end":{"line":70,"column":12},"skip":true}]},"8":{"line":70,"type":"binary-expr","locations":[{"start":{"line":70,"column":16},"end":{"line":70,"column":22},"skip":true},{"start":{"line":70,"column":27},"end":{"line":70,"column":32},"skip":true},{"start":{"line":71,"column":20},"end":{"line":71,"column":39},"skip":true},{"start":{"line":72,"column":20},"end":{"line":72,"column":49},"skip":true},{"start":{"line":73,"column":20},"end":{"line":73,"column":58},"skip":true},{"start":{"line":74,"column":20},"end":{"line":74,"column":69},"skip":true}]},"9":{"line":79,"type":"switch","locations":[{"start":{"line":80,"column":20},"end":{"line":80,"column":33},"skip":true},{"start":{"line":81,"column":20},"end":{"line":83,"column":30},"skip":true},{"start":{"line":84,"column":20},"end":{"line":85,"column":49},"skip":true}]},"10":{"line":89,"type":"switch","locations":[{"start":{"line":90,"column":12},"end":{"line":103,"column":22},"skip":true},{"start":{"line":105,"column":12},"end":{"line":106,"column":22},"skip":true}]},"11":{"line":89,"type":"binary-expr","locations":[{"start":{"line":89,"column":20},"end":{"line":89,"column":25},"skip":true},{"start":{"line":89,"column":29},"end":{"line":89,"column":48},"skip":true},{"start":{"line":89,"column":52},"end":{"line":89,"column":74},"skip":true}]},"12":{"line":92,"type":"if","locations":[{"start":{"line":92,"column":16},"end":{"line":92,"column":16},"skip":true},{"start":{"line":92,"column":16},"end":{"line":92,"column":16},"skip":true}]},"13":{"line":108,"type":"if","locations":[{"start":{"line":108,"column":12},"end":{"line":108,"column":12},"skip":true},{"start":{"line":108,"column":12},"end":{"line":108,"column":12},"skip":true}]},"14":{"line":108,"type":"binary-expr","locations":[{"start":{"line":108,"column":16},"end":{"line":108,"column":61},"skip":true},{"start":{"line":108,"column":66},"end":{"line":108,"column":72},"skip":true},{"start":{"line":108,"column":77},"end":{"line":108,"column":82},"skip":true},{"start":{"line":109,"column":20},"end":{"line":109,"column":39},"skip":true},{"start":{"line":110,"column":20},"end":{"line":110,"column":49},"skip":true},{"start":{"line":111,"column":20},"end":{"line":111,"column":58},"skip":true},{"start":{"line":112,"column":20},"end":{"line":112,"column":68},"skip":true}]},"15":{"line":129,"type":"if","locations":[{"start":{"line":129,"column":16},"end":{"line":129,"column":16},"skip":true},{"start":{"line":129,"column":16},"end":{"line":129,"column":16},"skip":true}]},"16":{"line":134,"type":"cond-expr","locations":[{"start":{"line":135,"column":26},"end":{"line":135,"column":29},"skip":true},{"start":{"line":136,"column":26},"end":{"line":136,"column":54},"skip":true}]},"17":{"line":164,"type":"binary-expr","locations":[{"start":{"line":164,"column":27},"end":{"line":164,"column":43},"skip":true},{"start":{"line":164,"column":47},"end":{"line":164,"column":49},"skip":true}]},"18":{"line":258,"type":"if","locations":[{"start":{"line":258,"column":8},"end":{"line":258,"column":8},"skip":true},{"start":{"line":258,"column":8},"end":{"line":258,"column":8},"skip":true}]},"19":{"line":275,"type":"switch","locations":[{"start":{"line":276,"column":20},"end":{"line":277,"column":64},"skip":true},{"start":{"line":278,"column":20},"end":{"line":279,"column":40},"skip":true},{"start":{"line":280,"column":20},"end":{"line":281,"column":40},"skip":true},{"start":{"line":282,"column":20},"end":{"line":283,"column":39},"skip":true}]},"20":{"line":288,"type":"if","locations":[{"start":{"line":288,"column":8},"end":{"line":288,"column":8},"skip":true},{"start":{"line":288,"column":8},"end":{"line":288,"column":8},"skip":true}]},"21":{"line":288,"type":"binary-expr","locations":[{"start":{"line":288,"column":12},"end":{"line":288,"column":40},"skip":true},{"start":{"line":288,"column":44},"end":{"line":288,"column":67},"skip":true}]},"22":{"line":292,"type":"binary-expr","locations":[{"start":{"line":292,"column":12},"end":{"line":292,"column":50},"skip":true},{"start":{"line":293,"column":12},"end":{"line":293,"column":53},"skip":true}]},"23":{"line":297,"type":"binary-expr","locations":[{"start":{"line":297,"column":12},"end":{"line":297,"column":74},"skip":true},{"start":{"line":298,"column":12},"end":{"line":301,"column":36},"skip":true}]},"24":{"line":303,"type":"binary-expr","locations":[{"start":{"line":303,"column":43},"end":{"line":303,"column":75},"skip":true},{"start":{"line":303,"column":79},"end":{"line":303,"column":81},"skip":true}]},"25":{"line":306,"type":"if","locations":[{"start":{"line":306,"column":8},"end":{"line":306,"column":8},"skip":true},{"start":{"line":306,"column":8},"end":{"line":306,"column":8},"skip":true}]},"26":{"line":310,"type":"if","locations":[{"start":{"line":310,"column":8},"end":{"line":310,"column":8},"skip":true},{"start":{"line":310,"column":8},"end":{"line":310,"column":8},"skip":true}]},"27":{"line":313,"type":"binary-expr","locations":[{"start":{"line":313,"column":27},"end":{"line":313,"column":43},"skip":true},{"start":{"line":313,"column":47},"end":{"line":313,"column":53},"skip":true}]},"28":{"line":317,"type":"if","locations":[{"start":{"line":317,"column":12},"end":{"line":317,"column":12},"skip":true},{"start":{"line":317,"column":12},"end":{"line":317,"column":12},"skip":true}]}},"code":["/*","example.js","","quickstart example","","instruction","    1. save this script as example.js","    2. run the shell command:","        $ npm install npmtest-systemjs-builder && PORT=8081 node example.js","    3. play with the browser-demo on http://127.0.0.1:8081","*/","","","","/* istanbul instrument in package npmtest_systemjs_builder */","/*jslint","    bitwise: true,","    browser: true,","    maxerr: 8,","    maxlen: 96,","    node: true,","    nomen: true,","    regexp: true,","    stupid: true","*/","(function () {","    'use strict';","    var local;","","","","    // run shared js-env code - pre-init","    (function () {","        // init local","        local = {};","        // init modeJs","        local.modeJs = (function () {","            try {","                return typeof navigator.userAgent === 'string' &&","                    typeof document.querySelector('body') === 'object' &&","                    typeof XMLHttpRequest.prototype.open === 'function' &&","                    'browser';","            } catch (errorCaughtBrowser) {","                return module.exports &&","                    typeof process.versions.node === 'string' &&","                    typeof require('http').createServer === 'function' &&","                    'node';","            }","        }());","        // init global","        local.global = local.modeJs === 'browser'","            ? window","            : global;","        // init utility2_rollup","        local = local.global.utility2_rollup || (local.modeJs === 'browser'","            ? local.global.utility2_npmtest_systemjs_builder","            : global.utility2_moduleExports);","        // export local","        local.global.local = local;","    }());","    switch (local.modeJs) {","","","","    // post-init","    // run browser js-env code - post-init","    /* istanbul ignore next */","    case 'browser':","        local.testRunBrowser = function (event) {","            if (!event || (event &&","                    event.currentTarget &&","                    event.currentTarget.className &&","                    event.currentTarget.className.includes &&","                    event.currentTarget.className.includes('onreset'))) {","                // reset output","                Array.from(","                    document.querySelectorAll('body > .resettable')","                ).forEach(function (element) {","                    switch (element.tagName) {","                    case 'INPUT':","                    case 'TEXTAREA':","                        element.value = '';","                        break;","                    default:","                        element.textContent = '';","                    }","                });","            }","            switch (event && event.currentTarget && event.currentTarget.id) {","            case 'testRunButton1':","                // show tests","                if (document.querySelector('#testReportDiv1').style.display === 'none') {","                    document.querySelector('#testReportDiv1').style.display = 'block';","                    document.querySelector('#testRunButton1').textContent =","                        'hide internal test';","                    local.modeTest = true;","                    local.testRunDefault(local);","                // hide tests","                } else {","                    document.querySelector('#testReportDiv1').style.display = 'none';","                    document.querySelector('#testRunButton1').textContent = 'run internal test';","                }","                break;","            // custom-case","            default:","                break;","            }","            if (document.querySelector('#inputTextareaEval1') && (!event || (event &&","                    event.currentTarget &&","                    event.currentTarget.className &&","                    event.currentTarget.className.includes &&","                    event.currentTarget.className.includes('oneval')))) {","                // try to eval input-code","                try {","                    /*jslint evil: true*/","                    eval(document.querySelector('#inputTextareaEval1').value);","                } catch (errorCaught) {","                    console.error(errorCaught);","                }","            }","        };","        // log stderr and stdout to #outputTextareaStdout1","        ['error', 'log'].forEach(function (key) {","            console[key + '_original'] = console[key];","            console[key] = function () {","                var element;","                console[key + '_original'].apply(console, arguments);","                element = document.querySelector('#outputTextareaStdout1');","                if (!element) {","                    return;","                }","                // append text to #outputTextareaStdout1","                element.value += Array.from(arguments).map(function (arg) {","                    return typeof arg === 'string'","                        ? arg","                        : JSON.stringify(arg, null, 4);","                }).join(' ') + '\\n';","                // scroll textarea to bottom","                element.scrollTop = element.scrollHeight;","            };","        });","        // init event-handling","        ['change', 'click', 'keyup'].forEach(function (event) {","            Array.from(document.querySelectorAll('.on' + event)).forEach(function (element) {","                element.addEventListener(event, local.testRunBrowser);","            });","        });","        // run tests","        local.testRunBrowser();","        break;","","","","    // run node js-env code - post-init","    /* istanbul ignore next */","    case 'node':","        // export local","        module.exports = local;","        // require modules","        local.fs = require('fs');","        local.http = require('http');","        local.url = require('url');","        // init assets","        local.assetsDict = local.assetsDict || {};","        /* jslint-ignore-begin */","        local.assetsDict['/assets.index.template.html'] = '\\","<!doctype html>\\n\\","<html lang=\"en\">\\n\\","<head>\\n\\","<meta charset=\"UTF-8\">\\n\\","<meta name=\"viewport\" content=\"width=device-width, initial-scale=1\">\\n\\","<title>{{env.npm_package_name}} (v{{env.npm_package_version}})</title>\\n\\","<style>\\n\\","/*csslint\\n\\","    box-sizing: false,\\n\\","    universal-selector: false\\n\\","*/\\n\\","* {\\n\\","    box-sizing: border-box;\\n\\","}\\n\\","body {\\n\\","    background: #dde;\\n\\","    font-family: Arial, Helvetica, sans-serif;\\n\\","    margin: 2rem;\\n\\","}\\n\\","body > * {\\n\\","    margin-bottom: 1rem;\\n\\","}\\n\\",".utility2FooterDiv {\\n\\","    margin-top: 20px;\\n\\","    text-align: center;\\n\\","}\\n\\","</style>\\n\\","<style>\\n\\","/*csslint\\n\\","*/\\n\\","textarea {\\n\\","    font-family: monospace;\\n\\","    height: 10rem;\\n\\","    width: 100%;\\n\\","}\\n\\","textarea[readonly] {\\n\\","    background: #ddd;\\n\\","}\\n\\","</style>\\n\\","</head>\\n\\","<body>\\n\\","<!-- utility2-comment\\n\\","<div id=\"ajaxProgressDiv1\" style=\"background: #d00; height: 2px; left: 0; margin: 0; padding: 0; position: fixed; top: 0; transition: background 0.5s, width 1.5s; width: 25%;\"></div>\\n\\","utility2-comment -->\\n\\","<h1>\\n\\","<!-- utility2-comment\\n\\","    <a\\n\\","        {{#if env.npm_package_homepage}}\\n\\","        href=\"{{env.npm_package_homepage}}\"\\n\\","        {{/if env.npm_package_homepage}}\\n\\","        target=\"_blank\"\\n\\","    >\\n\\","utility2-comment -->\\n\\","        {{env.npm_package_name}} (v{{env.npm_package_version}})\\n\\","<!-- utility2-comment\\n\\","    </a>\\n\\","utility2-comment -->\\n\\","</h1>\\n\\","<h3>{{env.npm_package_description}}</h3>\\n\\","<!-- utility2-comment\\n\\","<h4><a download href=\"assets.app.js\">download standalone app</a></h4>\\n\\","<button class=\"onclick onreset\" id=\"testRunButton1\">run internal test</button><br>\\n\\","<div id=\"testReportDiv1\" style=\"display: none;\"></div>\\n\\","utility2-comment -->\\n\\","\\n\\","\\n\\","\\n\\","<label>stderr and stdout</label>\\n\\","<textarea class=\"resettable\" id=\"outputTextareaStdout1\" readonly></textarea>\\n\\","<!-- utility2-comment\\n\\","{{#if isRollup}}\\n\\","<script src=\"assets.app.js\"></script>\\n\\","{{#unless isRollup}}\\n\\","utility2-comment -->\\n\\","<script src=\"assets.utility2.rollup.js\"></script>\\n\\","<script src=\"jsonp.utility2._stateInit?callback=window.utility2._stateInit\"></script>\\n\\","<script src=\"assets.npmtest_systemjs_builder.rollup.js\"></script>\\n\\","<script src=\"assets.example.js\"></script>\\n\\","<script src=\"assets.test.js\"></script>\\n\\","<!-- utility2-comment\\n\\","{{/if isRollup}}\\n\\","utility2-comment -->\\n\\","<div class=\"utility2FooterDiv\">\\n\\","    [ this app was created with\\n\\","    <a href=\"https://github.com/kaizhu256/node-utility2\" target=\"_blank\">utility2</a>\\n\\","    ]\\n\\","</div>\\n\\","</body>\\n\\","</html>\\n\\","';","        /* jslint-ignore-end */","        if (local.templateRender) {","            local.assetsDict['/'] = local.templateRender(","                local.assetsDict['/assets.index.template.html'],","                {","                    env: local.objectSetDefault(local.env, {","                        npm_package_description: 'the greatest app in the world!',","                        npm_package_name: 'my-app',","                        npm_package_nameAlias: 'my_app',","                        npm_package_version: '0.0.1'","                    })","                }","            );","        } else {","            local.assetsDict['/'] = local.assetsDict['/assets.index.template.html']","                .replace((/\\{\\{env\\.(\\w+?)\\}\\}/g), function (match0, match1) {","                    // jslint-hack","                    String(match0);","                    switch (match1) {","                    case 'npm_package_description':","                        return 'the greatest app in the world!';","                    case 'npm_package_name':","                        return 'my-app';","                    case 'npm_package_nameAlias':","                        return 'my_app';","                    case 'npm_package_version':","                        return '0.0.1';","                    }","                });","        }","        // run the cli","        if (local.global.utility2_rollup || module !== require.main) {","            break;","        }","        local.assetsDict['/assets.example.js'] =","            local.assetsDict['/assets.example.js'] ||","            local.fs.readFileSync(__filename, 'utf8');","        // bug-workaround - long $npm_package_buildCustomOrg","        /* jslint-ignore-begin */","        local.assetsDict['/assets.npmtest_systemjs_builder.rollup.js'] =","            local.assetsDict['/assets.npmtest_systemjs_builder.rollup.js'] ||","            local.fs.readFileSync(","                local.npmtest_systemjs_builder.__dirname + '/lib.npmtest_systemjs_builder.js',","                'utf8'","            ).replace((/^#!/), '//');","        /* jslint-ignore-end */","        local.assetsDict['/favicon.ico'] = local.assetsDict['/favicon.ico'] || '';","        // if $npm_config_timeout_exit exists,","        // then exit this process after $npm_config_timeout_exit ms","        if (Number(process.env.npm_config_timeout_exit)) {","            setTimeout(process.exit, Number(process.env.npm_config_timeout_exit));","        }","        // start server","        if (local.global.utility2_serverHttp1) {","            break;","        }","        process.env.PORT = process.env.PORT || '8081';","        console.error('server starting on port ' + process.env.PORT);","        local.http.createServer(function (request, response) {","            request.urlParsed = local.url.parse(request.url);","            if (local.assetsDict[request.urlParsed.pathname] !== undefined) {","                response.end(local.assetsDict[request.urlParsed.pathname]);","                return;","            }","            response.statusCode = 404;","            response.end();","        }).listen(process.env.PORT);","        break;","    }","}());",""],"l":{"26":2,"28":2,"33":2,"35":2,"37":2,"38":2,"39":2,"44":1,"51":2,"55":2,"59":2,"61":2,"69":1,"70":2,"76":2,"79":2,"82":2,"83":2,"85":1,"89":2,"92":1,"93":1,"94":1,"96":1,"97":1,"100":1,"101":1,"103":1,"106":1,"108":2,"114":1,"116":1,"118":1,"123":1,"124":2,"125":2,"126":3,"127":3,"128":3,"129":3,"130":1,"133":3,"134":3,"139":3,"143":1,"144":3,"145":1,"149":1,"150":1,"158":1,"160":1,"161":1,"162":1,"164":1,"166":1,"258":1,"259":1,"271":1,"274":6,"275":6,"277":1,"279":2,"281":1,"283":2,"288":1,"289":1,"291":1,"296":1,"303":1,"306":1,"307":1,"310":1,"311":1,"313":1,"314":1,"315":1,"316":1,"317":1,"318":1,"319":1,"321":1,"322":1,"324":1}},"/home/travis/build/npmtest/node-npmtest-systemjs-builder/node_modules/systemjs-builder/index.js":{"path":"/home/travis/build/npmtest/node-npmtest-systemjs-builder/node_modules/systemjs-builder/index.js","s":{"1":1},"b":{},"f":{},"fnMap":{},"statementMap":{"1":{"start":{"line":1,"column":0},"end":{"line":1,"column":42}}},"branchMap":{},"code":["module.exports = require('./lib/builder');",""],"l":{"1":1}},"/home/travis/build/npmtest/node-npmtest-systemjs-builder/node_modules/systemjs-builder/lib/builder.js":{"path":"/home/travis/build/npmtest/node-npmtest-systemjs-builder/node_modules/systemjs-builder/lib/builder.js","s":{"1":1,"2":1,"3":1,"4":1,"5":1,"6":1,"7":1,"8":1,"9":1,"10":1,"11":1,"12":1,"13":1,"14":1,"15":1,"16":1,"17":1,"18":1,"19":1,"20":0,"21":0,"22":0,"23":0,"24":0,"25":0,"26":0,"27":0,"28":0,"29":0,"30":0,"31":0,"32":1,"33":0,"34":0,"35":0,"36":0,"37":0,"38":0,"39":0,"40":0,"41":0,"42":0,"43":1,"44":0,"45":0,"46":0,"47":0,"48":0,"49":0,"50":0,"51":0,"52":0,"53":0,"54":0,"55":0,"56":0,"57":0,"58":0,"59":0,"60":0,"61":0,"62":0,"63":1,"64":0,"65":0,"66":0,"67":0,"68":0,"69":0,"70":0,"71":0,"72":0,"73":0,"74":0,"75":0,"76":0,"77":0,"78":0,"79":0,"80":0,"81":0,"82":0,"83":0,"84":0,"85":0,"86":0,"87":0,"88":0,"89":0,"90":0,"91":0,"92":0,"93":0,"94":0,"95":0,"96":0,"97":0,"98":0,"99":0,"100":0,"101":0,"102":0,"103":0,"104":0,"105":0,"106":0,"107":0,"108":0,"109":0,"110":0,"111":0,"112":0,"113":0,"114":0,"115":0,"116":0,"117":0,"118":0,"119":0,"120":0,"121":0,"122":0,"123":0,"124":0,"125":0,"126":0,"127":0,"128":0,"129":0,"130":0,"131":0,"132":0,"133":1,"134":0,"135":1,"136":0,"137":0,"138":0,"139":0,"140":1,"141":0,"142":1,"143":0,"144":1,"145":0,"146":0,"147":0,"148":0,"149":0,"150":0,"151":0,"152":0,"153":0,"154":0,"155":0,"156":0,"157":0,"158":0,"159":0,"160":1,"161":0,"162":1,"163":0,"164":0,"165":1,"166":0,"167":0,"168":0,"169":0,"170":0,"171":0,"172":0,"173":0,"174":0,"175":0,"176":0,"177":1,"178":0,"179":0,"180":0,"181":0,"182":0,"183":0,"184":0,"185":0,"186":0,"187":0,"188":0,"189":0,"190":0,"191":0,"192":0,"193":0,"194":0,"195":0,"196":0,"197":0,"198":0,"199":0,"200":0,"201":0,"202":0,"203":0,"204":0,"205":0,"206":0,"207":0,"208":0,"209":0,"210":0,"211":0,"212":1,"213":0,"214":0,"215":0,"216":0,"217":0,"218":0,"219":0,"220":1,"221":0,"222":0,"223":0,"224":0,"225":0,"226":1,"227":0,"228":0,"229":0,"230":0,"231":0,"232":0,"233":0,"234":0,"235":0,"236":0,"237":0,"238":0,"239":0,"240":0,"241":0,"242":0,"243":0,"244":0,"245":0,"246":0,"247":0,"248":0,"249":0,"250":0,"251":0,"252":0,"253":0,"254":0,"255":1,"256":0,"257":0,"258":0,"259":0,"260":0,"261":0,"262":0,"263":0,"264":0,"265":0,"266":0,"267":0,"268":0,"269":0,"270":0,"271":0,"272":0,"273":0,"274":0,"275":0,"276":0,"277":0,"278":0,"279":0,"280":1,"281":0,"282":0,"283":0,"284":0,"285":0,"286":0,"287":0,"288":0,"289":0,"290":0,"291":0,"292":0,"293":0,"294":0,"295":0,"296":0,"297":0,"298":0,"299":0,"300":0,"301":0,"302":1,"303":0,"304":0,"305":0,"306":0,"307":0,"308":0,"309":0,"310":0,"311":0,"312":1,"313":0,"314":0,"315":0,"316":0,"317":0,"318":1,"319":0,"320":0,"321":0,"322":0,"323":0,"324":0,"325":0,"326":0,"327":0,"328":0,"329":0,"330":0,"331":0,"332":0,"333":0,"334":0,"335":0,"336":0,"337":0,"338":0,"339":0,"340":0,"341":0,"342":0,"343":0,"344":0,"345":0,"346":0,"347":0,"348":0,"349":0,"350":1,"351":0,"352":0,"353":0,"354":0,"355":0,"356":0,"357":0,"358":0,"359":0,"360":0,"361":0,"362":0,"363":0,"364":0,"365":0,"366":0,"367":0,"368":0,"369":0,"370":0,"371":0,"372":0,"373":0,"374":0,"375":0,"376":0,"377":0,"378":0,"379":0,"380":0,"381":0,"382":0,"383":0,"384":0,"385":0,"386":0,"387":0,"388":0,"389":0,"390":0,"391":0,"392":0,"393":0,"394":0,"395":0,"396":1,"397":0,"398":0,"399":1,"400":0,"401":0,"402":1,"403":0,"404":0,"405":1,"406":0,"407":0,"408":0,"409":0,"410":0,"411":0,"412":0,"413":1,"414":0,"415":0,"416":1,"417":1,"418":1,"419":1},"b":{"1":[0,0],"2":[0,0],"3":[0,0],"4":[0,0],"5":[0,0],"6":[0,0],"7":[0,0],"8":[0,0],"9":[0,0],"10":[0,0],"11":[0,0],"12":[0,0],"13":[0,0,0],"14":[0,0],"15":[0,0],"16":[0,0],"17":[0,0],"18":[0,0],"19":[0,0],"20":[0,0],"21":[0,0],"22":[0,0],"23":[0,0],"24":[0,0],"25":[0,0],"26":[0,0],"27":[0,0],"28":[0,0],"29":[0,0],"30":[0,0],"31":[0,0,0,0],"32":[0,0],"33":[0,0],"34":[0,0],"35":[0,0],"36":[0,0],"37":[0,0],"38":[0,0],"39":[0,0],"40":[0,0],"41":[0,0],"42":[0,0],"43":[0,0],"44":[0,0],"45":[0,0],"46":[0,0],"47":[0,0],"48":[0,0],"49":[0,0],"50":[0,0],"51":[0,0],"52":[0,0],"53":[0,0],"54":[0,0],"55":[0,0],"56":[0,0],"57":[0,0],"58":[0,0],"59":[0,0],"60":[0,0],"61":[0,0],"62":[0,0],"63":[0,0],"64":[0,0],"65":[0,0],"66":[0,0],"67":[0,0],"68":[0,0],"69":[0,0],"70":[0,0],"71":[0,0],"72":[0,0],"73":[0,0],"74":[0,0],"75":[0,0],"76":[0,0],"77":[0,0],"78":[0,0],"79":[0,0],"80":[0,0],"81":[0,0],"82":[0,0],"83":[0,0],"84":[0,0],"85":[0,0],"86":[0,0],"87":[0,0],"88":[0,0],"89":[0,0],"90":[0,0],"91":[0,0],"92":[0,0],"93":[0,0],"94":[0,0],"95":[0,0],"96":[0,0],"97":[0,0],"98":[0,0],"99":[0,0],"100":[0,0],"101":[0,0],"102":[0,0],"103":[0,0],"104":[0,0],"105":[0,0],"106":[0,0],"107":[0,0],"108":[0,0],"109":[0,0],"110":[0,0],"111":[0,0],"112":[0,0],"113":[0,0],"114":[0,0],"115":[0,0],"116":[0,0],"117":[0,0,0]},"f":{"1":0,"2":0,"3":0,"4":0,"5":0,"6":0,"7":0,"8":0,"9":0,"10":0,"11":0,"12":0,"13":0,"14":0,"15":0,"16":0,"17":0,"18":0,"19":0,"20":0,"21":0,"22":0,"23":0,"24":0,"25":0,"26":0,"27":0,"28":0,"29":0,"30":0,"31":0,"32":0,"33":0,"34":0,"35":0,"36":0,"37":0,"38":0,"39":0,"40":0,"41":0,"42":0,"43":0,"44":0,"45":0,"46":0,"47":0,"48":0,"49":0,"50":0,"51":0,"52":0,"53":0,"54":0,"55":0,"56":0,"57":0,"58":0,"59":0,"60":0,"61":0,"62":0,"63":0,"64":0,"65":0,"66":0,"67":0,"68":0,"69":0,"70":0,"71":0,"72":0,"73":0,"74":0,"75":0,"76":0,"77":0,"78":0,"79":0,"80":0},"fnMap":{"1":{"name":"Builder","line":35,"loc":{"start":{"line":35,"column":0},"end":{"line":35,"column":31}}},"2":{"name":"(anonymous_2)","line":42,"loc":{"start":{"line":42,"column":21},"end":{"line":42,"column":32}}},"3":{"name":"(anonymous_3)","line":59,"loc":{"start":{"line":59,"column":31},"end":{"line":59,"column":64}}},"4":{"name":"matchesInvalidation","line":79,"loc":{"start":{"line":79,"column":2},"end":{"line":79,"column":43}}},"5":{"name":"(anonymous_5)","line":92,"loc":{"start":{"line":92,"column":34},"end":{"line":92,"column":54}}},"6":{"name":"(anonymous_6)","line":103,"loc":{"start":{"line":103,"column":52},"end":{"line":103,"column":73}}},"7":{"name":"(anonymous_7)","line":119,"loc":{"start":{"line":119,"column":26},"end":{"line":119,"column":47}}},"8":{"name":"(anonymous_8)","line":128,"loc":{"start":{"line":128,"column":18},"end":{"line":128,"column":33}}},"9":{"name":"(anonymous_9)","line":158,"loc":{"start":{"line":158,"column":18},"end":{"line":158,"column":32}}},"10":{"name":"(anonymous_10)","line":175,"loc":{"start":{"line":175,"column":20},"end":{"line":175,"column":35}}},"11":{"name":"(anonymous_11)","line":177,"loc":{"start":{"line":177,"column":10},"end":{"line":177,"column":27}}},"12":{"name":"(anonymous_12)","line":180,"loc":{"start":{"line":180,"column":12},"end":{"line":180,"column":28}}},"13":{"name":"(anonymous_13)","line":183,"loc":{"start":{"line":183,"column":9},"end":{"line":183,"column":23}}},"14":{"name":"(anonymous_14)","line":192,"loc":{"start":{"line":192,"column":17},"end":{"line":192,"column":32}}},"15":{"name":"(anonymous_15)","line":204,"loc":{"start":{"line":204,"column":21},"end":{"line":204,"column":63}}},"16":{"name":"(anonymous_16)","line":212,"loc":{"start":{"line":212,"column":10},"end":{"line":212,"column":31}}},"17":{"name":"(anonymous_17)","line":220,"loc":{"start":{"line":220,"column":25},"end":{"line":220,"column":67}}},"18":{"name":"(anonymous_18)","line":241,"loc":{"start":{"line":241,"column":34},"end":{"line":241,"column":54}}},"19":{"name":"generateConfigHash","line":247,"loc":{"start":{"line":247,"column":0},"end":{"line":247,"column":36}}},"20":{"name":"(anonymous_20)","line":258,"loc":{"start":{"line":258,"column":29},"end":{"line":258,"column":48}}},"21":{"name":"(anonymous_21)","line":268,"loc":{"start":{"line":268,"column":29},"end":{"line":268,"column":40}}},"22":{"name":"(anonymous_22)","line":272,"loc":{"start":{"line":272,"column":31},"end":{"line":272,"column":42}}},"23":{"name":"executeConfigFile","line":276,"loc":{"start":{"line":276,"column":0},"end":{"line":276,"column":76}}},"24":{"name":"(anonymous_24)","line":281,"loc":{"start":{"line":281,"column":24},"end":{"line":281,"column":38}}},"25":{"name":"(anonymous_25)","line":303,"loc":{"start":{"line":303,"column":31},"end":{"line":303,"column":81}}},"26":{"name":"(anonymous_26)","line":308,"loc":{"start":{"line":308,"column":35},"end":{"line":308,"column":85}}},"27":{"name":"(anonymous_27)","line":314,"loc":{"start":{"line":314,"column":27},"end":{"line":314,"column":73}}},"28":{"name":"(anonymous_28)","line":325,"loc":{"start":{"line":325,"column":23},"end":{"line":325,"column":34}}},"29":{"name":"processTraceOpts","line":335,"loc":{"start":{"line":335,"column":0},"end":{"line":335,"column":45}}},"30":{"name":"(anonymous_30)","line":419,"loc":{"start":{"line":419,"column":26},"end":{"line":419,"column":53}}},"31":{"name":"(anonymous_31)","line":426,"loc":{"start":{"line":426,"column":8},"end":{"line":426,"column":19}}},"32":{"name":"(anonymous_32)","line":429,"loc":{"start":{"line":429,"column":8},"end":{"line":429,"column":19}}},"33":{"name":"(anonymous_33)","line":434,"loc":{"start":{"line":434,"column":40},"end":{"line":434,"column":67}}},"34":{"name":"(anonymous_34)","line":440,"loc":{"start":{"line":440,"column":8},"end":{"line":440,"column":19}}},"35":{"name":"(anonymous_35)","line":443,"loc":{"start":{"line":443,"column":8},"end":{"line":443,"column":23}}},"36":{"name":"processCompileOpts","line":448,"loc":{"start":{"line":448,"column":0},"end":{"line":448,"column":47}}},"37":{"name":"(anonymous_37)","line":532,"loc":{"start":{"line":532,"column":28},"end":{"line":532,"column":70}}},"38":{"name":"(anonymous_38)","line":546,"loc":{"start":{"line":546,"column":8},"end":{"line":546,"column":19}}},"39":{"name":"(anonymous_39)","line":549,"loc":{"start":{"line":549,"column":8},"end":{"line":549,"column":19}}},"40":{"name":"(anonymous_40)","line":553,"loc":{"start":{"line":553,"column":10},"end":{"line":553,"column":31}}},"41":{"name":"(anonymous_41)","line":559,"loc":{"start":{"line":559,"column":8},"end":{"line":559,"column":23}}},"42":{"name":"(anonymous_42)","line":564,"loc":{"start":{"line":564,"column":10},"end":{"line":564,"column":21}}},"43":{"name":"(anonymous_43)","line":567,"loc":{"start":{"line":567,"column":10},"end":{"line":567,"column":27}}},"44":{"name":"(anonymous_44)","line":570,"loc":{"start":{"line":570,"column":14},"end":{"line":570,"column":37}}},"45":{"name":"(anonymous_45)","line":576,"loc":{"start":{"line":576,"column":10},"end":{"line":576,"column":28}}},"46":{"name":"processOutputOpts","line":582,"loc":{"start":{"line":582,"column":0},"end":{"line":582,"column":46}}},"47":{"name":"setExternals","line":624,"loc":{"start":{"line":624,"column":0},"end":{"line":624,"column":42}}},"48":{"name":"(anonymous_48)","line":628,"loc":{"start":{"line":628,"column":35},"end":{"line":628,"column":54}}},"49":{"name":"(anonymous_49)","line":631,"loc":{"start":{"line":631,"column":10},"end":{"line":631,"column":39}}},"50":{"name":"(anonymous_50)","line":635,"loc":{"start":{"line":635,"column":8},"end":{"line":635,"column":19}}},"51":{"name":"canonicalizeConditions","line":643,"loc":{"start":{"line":643,"column":0},"end":{"line":643,"column":51}}},"52":{"name":"(anonymous_52)","line":645,"loc":{"start":{"line":645,"column":8},"end":{"line":645,"column":42}}},"53":{"name":"(anonymous_53)","line":650,"loc":{"start":{"line":650,"column":8},"end":{"line":650,"column":48}}},"54":{"name":"(anonymous_54)","line":658,"loc":{"start":{"line":658,"column":27},"end":{"line":658,"column":69}}},"55":{"name":"(anonymous_55)","line":680,"loc":{"start":{"line":680,"column":8},"end":{"line":680,"column":19}}},"56":{"name":"(anonymous_56)","line":683,"loc":{"start":{"line":683,"column":8},"end":{"line":683,"column":19}}},"57":{"name":"(anonymous_57)","line":688,"loc":{"start":{"line":688,"column":10},"end":{"line":688,"column":21}}},"58":{"name":"(anonymous_58)","line":692,"loc":{"start":{"line":692,"column":8},"end":{"line":692,"column":23}}},"59":{"name":"(anonymous_59)","line":694,"loc":{"start":{"line":694,"column":10},"end":{"line":694,"column":21}}},"60":{"name":"(anonymous_60)","line":699,"loc":{"start":{"line":699,"column":10},"end":{"line":699,"column":25}}},"61":{"name":"(anonymous_61)","line":701,"loc":{"start":{"line":701,"column":12},"end":{"line":701,"column":31}}},"62":{"name":"(anonymous_62)","line":703,"loc":{"start":{"line":703,"column":14},"end":{"line":703,"column":31}}},"63":{"name":"(anonymous_63)","line":722,"loc":{"start":{"line":722,"column":32},"end":{"line":722,"column":74}}},"64":{"name":"(anonymous_64)","line":757,"loc":{"start":{"line":757,"column":8},"end":{"line":757,"column":19}}},"65":{"name":"(anonymous_65)","line":760,"loc":{"start":{"line":760,"column":8},"end":{"line":760,"column":19}}},"66":{"name":"(anonymous_66)","line":765,"loc":{"start":{"line":765,"column":10},"end":{"line":765,"column":21}}},"67":{"name":"(anonymous_67)","line":769,"loc":{"start":{"line":769,"column":8},"end":{"line":769,"column":23}}},"68":{"name":"(anonymous_68)","line":772,"loc":{"start":{"line":772,"column":10},"end":{"line":772,"column":32}}},"69":{"name":"(anonymous_69)","line":780,"loc":{"start":{"line":780,"column":12},"end":{"line":780,"column":31}}},"70":{"name":"(anonymous_70)","line":794,"loc":{"start":{"line":794,"column":12},"end":{"line":794,"column":31}}},"71":{"name":"(anonymous_71)","line":796,"loc":{"start":{"line":796,"column":44},"end":{"line":796,"column":56}}},"72":{"name":"(anonymous_72)","line":804,"loc":{"start":{"line":804,"column":10},"end":{"line":804,"column":29}}},"73":{"name":"(anonymous_73)","line":806,"loc":{"start":{"line":806,"column":12},"end":{"line":806,"column":29}}},"74":{"name":"(anonymous_74)","line":818,"loc":{"start":{"line":818,"column":26},"end":{"line":818,"column":37}}},"75":{"name":"(anonymous_75)","line":822,"loc":{"start":{"line":822,"column":29},"end":{"line":822,"column":40}}},"76":{"name":"(anonymous_76)","line":826,"loc":{"start":{"line":826,"column":30},"end":{"line":826,"column":41}}},"77":{"name":"(anonymous_77)","line":832,"loc":{"start":{"line":832,"column":32},"end":{"line":832,"column":47}}},"78":{"name":"(anonymous_78)","line":834,"loc":{"start":{"line":834,"column":28},"end":{"line":834,"column":49}}},"79":{"name":"(anonymous_79)","line":837,"loc":{"start":{"line":837,"column":43},"end":{"line":837,"column":57}}},"80":{"name":"(anonymous_80)","line":844,"loc":{"start":{"line":844,"column":39},"end":{"line":844,"column":54}}}},"statementMap":{"1":{"start":{"line":1,"column":0},"end":{"line":1,"column":34}},"2":{"start":{"line":2,"column":0},"end":{"line":2,"column":33}},"3":{"start":{"line":4,"column":0},"end":{"line":4,"column":40}},"4":{"start":{"line":5,"column":0},"end":{"line":5,"column":23}},"5":{"start":{"line":6,"column":0},"end":{"line":6,"column":27}},"6":{"start":{"line":8,"column":0},"end":{"line":8,"column":39}},"7":{"start":{"line":10,"column":0},"end":{"line":10,"column":59}},"8":{"start":{"line":11,"column":0},"end":{"line":11,"column":51}},"9":{"start":{"line":12,"column":0},"end":{"line":12,"column":51}},"10":{"start":{"line":13,"column":0},"end":{"line":13,"column":61}},"11":{"start":{"line":14,"column":0},"end":{"line":14,"column":52}},"12":{"start":{"line":16,"column":0},"end":{"line":16,"column":62}},"13":{"start":{"line":18,"column":0},"end":{"line":18,"column":31}},"14":{"start":{"line":20,"column":0},"end":{"line":20,"column":59}},"15":{"start":{"line":22,"column":0},"end":{"line":22,"column":49}},"16":{"start":{"line":23,"column":0},"end":{"line":23,"column":45}},"17":{"start":{"line":25,"column":0},"end":{"line":25,"column":46}},"18":{"start":{"line":26,"column":0},"end":{"line":26,"column":53}},"19":{"start":{"line":35,"column":0},"end":{"line":55,"column":1}},"20":{"start":{"line":36,"column":2},"end":{"line":39,"column":3}},"21":{"start":{"line":37,"column":4},"end":{"line":37,"column":18}},"22":{"start":{"line":38,"column":4},"end":{"line":38,"column":19}},"23":{"start":{"line":41,"column":2},"end":{"line":41,"column":21}},"24":{"start":{"line":42,"column":2},"end":{"line":42,"column":35}},"25":{"start":{"line":44,"column":2},"end":{"line":44,"column":15}},"26":{"start":{"line":46,"column":2},"end":{"line":47,"column":38}},"27":{"start":{"line":47,"column":4},"end":{"line":47,"column":38}},"28":{"start":{"line":51,"column":2},"end":{"line":54,"column":46}},"29":{"start":{"line":52,"column":4},"end":{"line":52,"column":38}},"30":{"start":{"line":53,"column":7},"end":{"line":54,"column":46}},"31":{"start":{"line":54,"column":4},"end":{"line":54,"column":46}},"32":{"start":{"line":59,"column":0},"end":{"line":117,"column":2}},"33":{"start":{"line":60,"column":2},"end":{"line":60,"column":27}},"34":{"start":{"line":62,"column":2},"end":{"line":62,"column":23}},"35":{"start":{"line":64,"column":2},"end":{"line":64,"column":18}},"36":{"start":{"line":67,"column":2},"end":{"line":67,"column":73}},"37":{"start":{"line":70,"column":2},"end":{"line":70,"column":70}},"38":{"start":{"line":71,"column":2},"end":{"line":72,"column":78}},"39":{"start":{"line":72,"column":4},"end":{"line":72,"column":78}},"40":{"start":{"line":74,"column":2},"end":{"line":77,"column":3}},"41":{"start":{"line":75,"column":4},"end":{"line":75,"column":82}},"42":{"start":{"line":76,"column":4},"end":{"line":76,"column":83}},"43":{"start":{"line":79,"column":2},"end":{"line":88,"column":3}},"44":{"start":{"line":80,"column":4},"end":{"line":81,"column":18}},"45":{"start":{"line":81,"column":6},"end":{"line":81,"column":18}},"46":{"start":{"line":83,"column":4},"end":{"line":84,"column":19}},"47":{"start":{"line":84,"column":6},"end":{"line":84,"column":19}},"48":{"start":{"line":86,"column":4},"end":{"line":87,"column":84}},"49":{"start":{"line":91,"column":2},"end":{"line":91,"column":36}},"50":{"start":{"line":92,"column":2},"end":{"line":99,"column":5}},"51":{"start":{"line":93,"column":4},"end":{"line":93,"column":54}},"52":{"start":{"line":94,"column":4},"end":{"line":98,"column":5}},"53":{"start":{"line":95,"column":6},"end":{"line":96,"column":37}},"54":{"start":{"line":96,"column":8},"end":{"line":96,"column":37}},"55":{"start":{"line":97,"column":6},"end":{"line":97,"column":40}},"56":{"start":{"line":102,"column":2},"end":{"line":102,"column":41}},"57":{"start":{"line":103,"column":2},"end":{"line":108,"column":5}},"58":{"start":{"line":104,"column":4},"end":{"line":107,"column":5}},"59":{"start":{"line":105,"column":6},"end":{"line":105,"column":35}},"60":{"start":{"line":106,"column":6},"end":{"line":106,"column":38}},"61":{"start":{"line":111,"column":2},"end":{"line":111,"column":22}},"62":{"start":{"line":116,"column":2},"end":{"line":116,"column":21}},"63":{"start":{"line":119,"column":0},"end":{"line":245,"column":2}},"64":{"start":{"line":120,"column":2},"end":{"line":120,"column":51}},"65":{"start":{"line":122,"column":2},"end":{"line":122,"column":58}},"66":{"start":{"line":124,"column":2},"end":{"line":124,"column":24}},"67":{"start":{"line":126,"column":2},"end":{"line":126,"column":33}},"68":{"start":{"line":128,"column":2},"end":{"line":130,"column":4}},"69":{"start":{"line":129,"column":4},"end":{"line":129,"column":139}},"70":{"start":{"line":133,"column":2},"end":{"line":133,"column":48}},"71":{"start":{"line":135,"column":2},"end":{"line":135,"column":72}},"72":{"start":{"line":136,"column":2},"end":{"line":136,"column":39}},"73":{"start":{"line":138,"column":2},"end":{"line":138,"column":73}},"74":{"start":{"line":139,"column":2},"end":{"line":139,"column":61}},"75":{"start":{"line":141,"column":2},"end":{"line":141,"column":67}},"76":{"start":{"line":142,"column":2},"end":{"line":142,"column":79}},"77":{"start":{"line":145,"column":2},"end":{"line":150,"column":4}},"78":{"start":{"line":152,"column":2},"end":{"line":152,"column":68}},"79":{"start":{"line":153,"column":2},"end":{"line":153,"column":65}},"80":{"start":{"line":154,"column":2},"end":{"line":154,"column":77}},"81":{"start":{"line":155,"column":2},"end":{"line":155,"column":83}},"82":{"start":{"line":157,"column":2},"end":{"line":157,"column":35}},"83":{"start":{"line":158,"column":2},"end":{"line":164,"column":4}},"84":{"start":{"line":160,"column":4},"end":{"line":160,"column":36}},"85":{"start":{"line":161,"column":4},"end":{"line":161,"column":31}},"86":{"start":{"line":162,"column":4},"end":{"line":162,"column":34}},"87":{"start":{"line":163,"column":4},"end":{"line":163,"column":51}},"88":{"start":{"line":166,"column":2},"end":{"line":166,"column":67}},"89":{"start":{"line":167,"column":2},"end":{"line":167,"column":99}},"90":{"start":{"line":169,"column":2},"end":{"line":169,"column":26}},"91":{"start":{"line":171,"column":2},"end":{"line":171,"column":21}},"92":{"start":{"line":174,"column":2},"end":{"line":174,"column":33}},"93":{"start":{"line":175,"column":2},"end":{"line":190,"column":4}},"94":{"start":{"line":176,"column":4},"end":{"line":189,"column":7}},"95":{"start":{"line":179,"column":6},"end":{"line":188,"column":9}},"96":{"start":{"line":181,"column":8},"end":{"line":181,"column":56}},"97":{"start":{"line":182,"column":8},"end":{"line":182,"column":22}},"98":{"start":{"line":185,"column":8},"end":{"line":186,"column":24}},"99":{"start":{"line":186,"column":10},"end":{"line":186,"column":24}},"100":{"start":{"line":187,"column":8},"end":{"line":187,"column":18}},"101":{"start":{"line":192,"column":2},"end":{"line":197,"column":4}},"102":{"start":{"line":193,"column":4},"end":{"line":196,"column":42}},"103":{"start":{"line":194,"column":6},"end":{"line":194,"column":85}},"104":{"start":{"line":196,"column":6},"end":{"line":196,"column":42}},"105":{"start":{"line":203,"column":2},"end":{"line":203,"column":41}},"106":{"start":{"line":204,"column":2},"end":{"line":217,"column":4}},"107":{"start":{"line":205,"column":4},"end":{"line":205,"column":23}},"108":{"start":{"line":206,"column":4},"end":{"line":206,"column":50}},"109":{"start":{"line":207,"column":4},"end":{"line":210,"column":5}},"110":{"start":{"line":208,"column":6},"end":{"line":208,"column":56}},"111":{"start":{"line":209,"column":6},"end":{"line":209,"column":53}},"112":{"start":{"line":211,"column":4},"end":{"line":216,"column":7}},"113":{"start":{"line":213,"column":6},"end":{"line":214,"column":49}},"114":{"start":{"line":214,"column":8},"end":{"line":214,"column":49}},"115":{"start":{"line":215,"column":6},"end":{"line":215,"column":24}},"116":{"start":{"line":219,"column":2},"end":{"line":219,"column":49}},"117":{"start":{"line":220,"column":2},"end":{"line":231,"column":4}},"118":{"start":{"line":221,"column":4},"end":{"line":221,"column":23}},"119":{"start":{"line":222,"column":4},"end":{"line":222,"column":49}},"120":{"start":{"line":223,"column":4},"end":{"line":226,"column":5}},"121":{"start":{"line":224,"column":6},"end":{"line":224,"column":56}},"122":{"start":{"line":225,"column":6},"end":{"line":225,"column":55}},"123":{"start":{"line":227,"column":4},"end":{"line":227,"column":85}},"124":{"start":{"line":228,"column":4},"end":{"line":229,"column":80}},"125":{"start":{"line":229,"column":6},"end":{"line":229,"column":80}},"126":{"start":{"line":230,"column":4},"end":{"line":230,"column":22}},"127":{"start":{"line":234,"column":2},"end":{"line":234,"column":21}},"128":{"start":{"line":237,"column":2},"end":{"line":237,"column":34}},"129":{"start":{"line":240,"column":2},"end":{"line":240,"column":36}},"130":{"start":{"line":241,"column":2},"end":{"line":244,"column":5}},"131":{"start":{"line":242,"column":4},"end":{"line":243,"column":42}},"132":{"start":{"line":243,"column":6},"end":{"line":243,"column":42}},"133":{"start":{"line":247,"column":0},"end":{"line":256,"column":1}},"134":{"start":{"line":248,"column":2},"end":{"line":255,"column":17}},"135":{"start":{"line":258,"column":0},"end":{"line":266,"column":2}},"136":{"start":{"line":259,"column":2},"end":{"line":262,"column":4}},"137":{"start":{"line":263,"column":2},"end":{"line":263,"column":68}},"138":{"start":{"line":264,"column":2},"end":{"line":264,"column":60}},"139":{"start":{"line":265,"column":2},"end":{"line":265,"column":57}},"140":{"start":{"line":268,"column":0},"end":{"line":270,"column":2}},"141":{"start":{"line":269,"column":2},"end":{"line":269,"column":20}},"142":{"start":{"line":272,"column":0},"end":{"line":274,"column":2}},"143":{"start":{"line":273,"column":2},"end":{"line":273,"column":20}},"144":{"start":{"line":276,"column":0},"end":{"line":301,"column":1}},"145":{"start":{"line":277,"column":2},"end":{"line":277,"column":18}},"146":{"start":{"line":280,"column":2},"end":{"line":280,"column":48}},"147":{"start":{"line":281,"column":2},"end":{"line":283,"column":4}},"148":{"start":{"line":282,"column":4},"end":{"line":282,"column":50}},"149":{"start":{"line":288,"column":2},"end":{"line":288,"column":38}},"150":{"start":{"line":289,"column":2},"end":{"line":289,"column":51}},"151":{"start":{"line":290,"column":2},"end":{"line":290,"column":27}},"152":{"start":{"line":291,"column":2},"end":{"line":292,"column":44}},"153":{"start":{"line":292,"column":4},"end":{"line":292,"column":44}},"154":{"start":{"line":295,"column":2},"end":{"line":295,"column":33}},"155":{"start":{"line":296,"column":2},"end":{"line":296,"column":33}},"156":{"start":{"line":297,"column":2},"end":{"line":297,"column":26}},"157":{"start":{"line":298,"column":2},"end":{"line":298,"column":62}},"158":{"start":{"line":299,"column":2},"end":{"line":299,"column":38}},"159":{"start":{"line":300,"column":2},"end":{"line":300,"column":60}},"160":{"start":{"line":303,"column":0},"end":{"line":306,"column":2}},"161":{"start":{"line":304,"column":2},"end":{"line":305,"column":79}},"162":{"start":{"line":308,"column":0},"end":{"line":311,"column":2}},"163":{"start":{"line":309,"column":2},"end":{"line":309,"column":43}},"164":{"start":{"line":310,"column":2},"end":{"line":310,"column":80}},"165":{"start":{"line":314,"column":0},"end":{"line":330,"column":2}},"166":{"start":{"line":315,"column":2},"end":{"line":315,"column":15}},"167":{"start":{"line":316,"column":2},"end":{"line":320,"column":3}},"168":{"start":{"line":317,"column":4},"end":{"line":318,"column":15}},"169":{"start":{"line":318,"column":6},"end":{"line":318,"column":15}},"170":{"start":{"line":319,"column":4},"end":{"line":319,"column":23}},"171":{"start":{"line":321,"column":2},"end":{"line":321,"column":26}},"172":{"start":{"line":322,"column":2},"end":{"line":329,"column":3}},"173":{"start":{"line":324,"column":4},"end":{"line":324,"column":36}},"174":{"start":{"line":325,"column":4},"end":{"line":328,"column":6}},"175":{"start":{"line":326,"column":6},"end":{"line":326,"column":26}},"176":{"start":{"line":327,"column":6},"end":{"line":327,"column":30}},"177":{"start":{"line":335,"column":0},"end":{"line":417,"column":1}},"178":{"start":{"line":336,"column":2},"end":{"line":360,"column":4}},"179":{"start":{"line":363,"column":2},"end":{"line":382,"column":3}},"180":{"start":{"line":364,"column":4},"end":{"line":371,"column":5}},"181":{"start":{"line":366,"column":6},"end":{"line":370,"column":40}},"182":{"start":{"line":367,"column":8},"end":{"line":367,"column":40}},"183":{"start":{"line":369,"column":11},"end":{"line":370,"column":40}},"184":{"start":{"line":370,"column":8},"end":{"line":370,"column":40}},"185":{"start":{"line":374,"column":4},"end":{"line":375,"column":40}},"186":{"start":{"line":375,"column":6},"end":{"line":375,"column":40}},"187":{"start":{"line":376,"column":4},"end":{"line":381,"column":5}},"188":{"start":{"line":377,"column":6},"end":{"line":378,"column":42}},"189":{"start":{"line":378,"column":8},"end":{"line":378,"column":42}},"190":{"start":{"line":379,"column":6},"end":{"line":380,"column":42}},"191":{"start":{"line":380,"column":8},"end":{"line":380,"column":42}},"192":{"start":{"line":384,"column":2},"end":{"line":384,"column":25}},"193":{"start":{"line":385,"column":2},"end":{"line":385,"column":24}},"194":{"start":{"line":388,"column":2},"end":{"line":389,"column":73}},"195":{"start":{"line":389,"column":4},"end":{"line":389,"column":73}},"196":{"start":{"line":392,"column":2},"end":{"line":401,"column":3}},"197":{"start":{"line":397,"column":4},"end":{"line":397,"column":58}},"198":{"start":{"line":398,"column":4},"end":{"line":398,"column":96}},"199":{"start":{"line":399,"column":4},"end":{"line":399,"column":52}},"200":{"start":{"line":400,"column":4},"end":{"line":400,"column":90}},"201":{"start":{"line":402,"column":2},"end":{"line":407,"column":3}},"202":{"start":{"line":403,"column":4},"end":{"line":403,"column":64}},"203":{"start":{"line":404,"column":4},"end":{"line":404,"column":58}},"204":{"start":{"line":405,"column":4},"end":{"line":405,"column":50}},"205":{"start":{"line":406,"column":4},"end":{"line":406,"column":58}},"206":{"start":{"line":409,"column":2},"end":{"line":414,"column":31}},"207":{"start":{"line":410,"column":4},"end":{"line":410,"column":51}},"208":{"start":{"line":411,"column":7},"end":{"line":414,"column":31}},"209":{"start":{"line":412,"column":4},"end":{"line":412,"column":44}},"210":{"start":{"line":414,"column":4},"end":{"line":414,"column":31}},"211":{"start":{"line":416,"column":2},"end":{"line":416,"column":14}},"212":{"start":{"line":419,"column":0},"end":{"line":432,"column":2}},"213":{"start":{"line":420,"column":2},"end":{"line":421,"column":29}},"214":{"start":{"line":421,"column":4},"end":{"line":421,"column":29}},"215":{"start":{"line":423,"column":2},
[...]
line":291,"column":12},"end":{"line":291,"column":38}},"143":{"start":{"line":295,"column":8},"end":{"line":295,"column":47}},"144":{"start":{"line":298,"column":8},"end":{"line":299,"column":76}},"145":{"start":{"line":299,"column":10},"end":{"line":299,"column":76}},"146":{"start":{"line":302,"column":8},"end":{"line":302,"column":24}},"147":{"start":{"line":305,"column":8},"end":{"line":305,"column":39}},"148":{"start":{"line":306,"column":8},"end":{"line":308,"column":27}},"149":{"start":{"line":307,"column":10},"end":{"line":308,"column":27}},"150":{"start":{"line":308,"column":12},"end":{"line":308,"column":27}},"151":{"start":{"line":310,"column":8},"end":{"line":311,"column":35}},"152":{"start":{"line":311,"column":10},"end":{"line":311,"column":35}},"153":{"start":{"line":313,"column":8},"end":{"line":316,"column":13}},"154":{"start":{"line":314,"column":10},"end":{"line":316,"column":13}},"155":{"start":{"line":318,"column":8},"end":{"line":318,"column":25}}},"branchMap":{"1":{"line":4,"type":"cond-expr","locations":[{"start":{"line":4,"column":52},"end":{"line":4,"column":60}},{"start":{"line":4,"column":63},"end":{"line":4,"column":77}}]},"2":{"line":19,"type":"if","locations":[{"start":{"line":19,"column":4},"end":{"line":19,"column":4}},{"start":{"line":19,"column":4},"end":{"line":19,"column":4}}]},"3":{"line":19,"type":"binary-expr","locations":[{"start":{"line":19,"column":8},"end":{"line":19,"column":15}},{"start":{"line":19,"column":19},"end":{"line":19,"column":37}}]},"4":{"line":22,"type":"if","locations":[{"start":{"line":22,"column":8},"end":{"line":22,"column":8}},{"start":{"line":22,"column":8},"end":{"line":22,"column":8}}]},"5":{"line":25,"type":"if","locations":[{"start":{"line":25,"column":6},"end":{"line":25,"column":6}},{"start":{"line":25,"column":6},"end":{"line":25,"column":6}}]},"6":{"line":31,"type":"if","locations":[{"start":{"line":31,"column":9},"end":{"line":31,"column":9}},{"start":{"line":31,"column":9},"end":{"line":31,"column":9}}]},"7":{"line":31,"type":"binary-expr","locations":[{"start":{"line":31,"column":13},"end":{"line":31,"column":74}},{"start":{"line":32,"column":8},"end":{"line":32,"column":37}},{"start":{"line":32,"column":41},"end":{"line":32,"column":56}},{"start":{"line":32,"column":60},"end":{"line":32,"column":84}}]},"8":{"line":50,"type":"if","locations":[{"start":{"line":50,"column":2},"end":{"line":50,"column":2}},{"start":{"line":50,"column":2},"end":{"line":50,"column":2}}]},"9":{"line":50,"type":"binary-expr","locations":[{"start":{"line":50,"column":6},"end":{"line":50,"column":35}},{"start":{"line":50,"column":39},"end":{"line":50,"column":57}}]},"10":{"line":53,"type":"binary-expr","locations":[{"start":{"line":53,"column":20},"end":{"line":53,"column":48}},{"start":{"line":53,"column":52},"end":{"line":53,"column":71}},{"start":{"line":53,"column":75},"end":{"line":53,"column":104}},{"start":{"line":53,"column":108},"end":{"line":53,"column":145}},{"start":{"line":53,"column":149},"end":{"line":53,"column":178}},{"start":{"line":53,"column":182},"end":{"line":53,"column":198}},{"start":{"line":53,"column":202},"end":{"line":53,"column":209}}]},"11":{"line":56,"type":"if","locations":[{"start":{"line":56,"column":4},"end":{"line":56,"column":4}},{"start":{"line":56,"column":4},"end":{"line":56,"column":4}}]},"12":{"line":65,"type":"if","locations":[{"start":{"line":65,"column":4},"end":{"line":65,"column":4}},{"start":{"line":65,"column":4},"end":{"line":65,"column":4}}]},"13":{"line":68,"type":"if","locations":[{"start":{"line":68,"column":4},"end":{"line":68,"column":4}},{"start":{"line":68,"column":4},"end":{"line":68,"column":4}}]},"14":{"line":82,"type":"if","locations":[{"start":{"line":82,"column":4},"end":{"line":82,"column":4}},{"start":{"line":82,"column":4},"end":{"line":82,"column":4}}]},"15":{"line":85,"type":"if","locations":[{"start":{"line":85,"column":4},"end":{"line":85,"column":4}},{"start":{"line":85,"column":4},"end":{"line":85,"column":4}}]},"16":{"line":92,"type":"if","locations":[{"start":{"line":92,"column":6},"end":{"line":92,"column":6}},{"start":{"line":92,"column":6},"end":{"line":92,"column":6}}]},"17":{"line":95,"type":"binary-expr","locations":[{"start":{"line":95,"column":19},"end":{"line":95,"column":31}},{"start":{"line":95,"column":35},"end":{"line":95,"column":50}}]},"18":{"line":96,"type":"if","locations":[{"start":{"line":96,"column":6},"end":{"line":96,"column":6}},{"start":{"line":96,"column":6},"end":{"line":96,"column":6}}]},"19":{"line":97,"type":"binary-expr","locations":[{"start":{"line":97,"column":15},"end":{"line":97,"column":29}},{"start":{"line":97,"column":33},"end":{"line":97,"column":61}}]},"20":{"line":114,"type":"if","locations":[{"start":{"line":114,"column":6},"end":{"line":114,"column":6}},{"start":{"line":114,"column":6},"end":{"line":114,"column":6}}]},"21":{"line":117,"type":"if","locations":[{"start":{"line":117,"column":6},"end":{"line":117,"column":6}},{"start":{"line":117,"column":6},"end":{"line":117,"column":6}}]},"22":{"line":119,"type":"if","locations":[{"start":{"line":119,"column":10},"end":{"line":119,"column":10}},{"start":{"line":119,"column":10},"end":{"line":119,"column":10}}]},"23":{"line":134,"type":"if","locations":[{"start":{"line":134,"column":4},"end":{"line":134,"column":4}},{"start":{"line":134,"column":4},"end":{"line":134,"column":4}}]},"24":{"line":184,"type":"if","locations":[{"start":{"line":184,"column":8},"end":{"line":184,"column":8}},{"start":{"line":184,"column":8},"end":{"line":184,"column":8}}]},"25":{"line":188,"type":"if","locations":[{"start":{"line":188,"column":10},"end":{"line":188,"column":10}},{"start":{"line":188,"column":10},"end":{"line":188,"column":10}}]},"26":{"line":189,"type":"if","locations":[{"start":{"line":189,"column":12},"end":{"line":189,"column":12}},{"start":{"line":189,"column":12},"end":{"line":189,"column":12}}]},"27":{"line":197,"type":"cond-expr","locations":[{"start":{"line":197,"column":39},"end":{"line":197,"column":53}},{"start":{"line":197,"column":56},"end":{"line":197,"column":62}}]},"28":{"line":205,"type":"if","locations":[{"start":{"line":205,"column":4},"end":{"line":205,"column":4}},{"start":{"line":205,"column":4},"end":{"line":205,"column":4}}]},"29":{"line":211,"type":"if","locations":[{"start":{"line":211,"column":4},"end":{"line":211,"column":4}},{"start":{"line":211,"column":4},"end":{"line":211,"column":4}}]},"30":{"line":216,"type":"if","locations":[{"start":{"line":216,"column":8},"end":{"line":216,"column":8}},{"start":{"line":216,"column":8},"end":{"line":216,"column":8}}]},"31":{"line":216,"type":"binary-expr","locations":[{"start":{"line":216,"column":12},"end":{"line":216,"column":19}},{"start":{"line":216,"column":23},"end":{"line":216,"column":51}}]},"32":{"line":217,"type":"cond-expr","locations":[{"start":{"line":217,"column":63},"end":{"line":217,"column":67}},{"start":{"line":217,"column":70},"end":{"line":217,"column":72}}]},"33":{"line":237,"type":"if","locations":[{"start":{"line":237,"column":6},"end":{"line":237,"column":6}},{"start":{"line":237,"column":6},"end":{"line":237,"column":6}}]},"34":{"line":242,"type":"if","locations":[{"start":{"line":242,"column":6},"end":{"line":242,"column":6}},{"start":{"line":242,"column":6},"end":{"line":242,"column":6}}]},"35":{"line":244,"type":"if","locations":[{"start":{"line":244,"column":11},"end":{"line":244,"column":11}},{"start":{"line":244,"column":11},"end":{"line":244,"column":11}}]},"36":{"line":248,"type":"if","locations":[{"start":{"line":248,"column":6},"end":{"line":248,"column":6}},{"start":{"line":248,"column":6},"end":{"line":248,"column":6}}]},"37":{"line":248,"type":"binary-expr","locations":[{"start":{"line":248,"column":10},"end":{"line":248,"column":27}},{"start":{"line":248,"column":31},"end":{"line":248,"column":59}}]},"38":{"line":250,"type":"if","locations":[{"start":{"line":250,"column":10},"end":{"line":250,"column":10}},{"start":{"line":250,"column":10},"end":{"line":250,"column":10}}]},"39":{"line":250,"type":"binary-expr","locations":[{"start":{"line":250,"column":14},"end":{"line":250,"column":62}},{"start":{"line":250,"column":66},"end":{"line":250,"column":81}}]},"40":{"line":256,"type":"if","locations":[{"start":{"line":256,"column":4},"end":{"line":256,"column":4}},{"start":{"line":256,"column":4},"end":{"line":256,"column":4}}]},"41":{"line":265,"type":"if","locations":[{"start":{"line":265,"column":2},"end":{"line":265,"column":2}},{"start":{"line":265,"column":2},"end":{"line":265,"column":2}}]},"42":{"line":306,"type":"if","locations":[{"start":{"line":306,"column":8},"end":{"line":306,"column":8}},{"start":{"line":306,"column":8},"end":{"line":306,"column":8}}]},"43":{"line":310,"type":"if","locations":[{"start":{"line":310,"column":8},"end":{"line":310,"column":8}},{"start":{"line":310,"column":8},"end":{"line":310,"column":8}}]},"44":{"line":313,"type":"if","locations":[{"start":{"line":313,"column":8},"end":{"line":313,"column":8}},{"start":{"line":313,"column":8},"end":{"line":313,"column":8}}]},"45":{"line":323,"type":"cond-expr","locations":[{"start":{"line":323,"column":33},"end":{"line":323,"column":37}},{"start":{"line":323,"column":40},"end":{"line":323,"column":46}}]}},"code":["(function (global) {","  var registry = {};","","  var BASE_OBJECT = typeof Symbol !== 'undefined' ? Symbol() : '@@baseObject';","","  function extendNamespace (key) {","    Object.defineProperty(this, key, {","      enumerable: true,","      get: function () {","        return this[BASE_OBJECT][key];","      }","    });","  }","","  function createExternalModule (exports) {","    var esModule;","","    // CJS es module -> lift into namespace","    if (exports && exports.__esModule) {","      esModule = {};","      for (var p in exports) {","        if (Object.hasOwnProperty.call(exports, p))","          esModule[p] = exports[p];","      }","      if (esModule.__useDefault)","        delete esModule.__useDefault;","      esModule.__esModule = true;","    }","","    // a real ES module or SystemJS ES Module","    else if (Object.prototype.toString.call(exports) === '[object Module]' ||","        typeof System !== 'undefined' && System.isModule && System.isModule(exports)) {","      return exports;","    }","","    // use default representation only","    else {","      esModule = { default: exports, __useDefault: true };","    }","    return new Module(esModule);","  }","","  function Module (bindings) {","    Object.defineProperty(this, BASE_OBJECT, {","      value: bindings","    });","    Object.keys(bindings).forEach(extendNamespace, this);","  }","  Module.prototype = Object.create(null);","  if (typeof Symbol !== 'undefined' && Symbol.toStringTag)","    Module.prototype[Symbol.toStringTag] = 'Module';","","  var nodeRequire = typeof System != 'undefined' && System._nodeRequire || typeof require != 'undefined' && typeof require.resolve != 'undefined' && typeof process != 'undefined' && process.platform && require;","","  function getLoad (key) {","    if (key.substr(0, 6) === '@node/')","      return defineModule(key, createExternalModule(nodeRequire(key.substr(6))), {});","    else","      return registry[key];","  }","","  function load (key) {","    var load = getLoad(key);","","    if (!load)","      throw new Error('Module \"' + key + '\" expected, but not contained in build.');","","    if (load.module)","      return load.module;","","    var link = load.linkRecord;","","    instantiate(load, link);","","    doEvaluate(load, link, []);","","    return load.module;","  }","","  function instantiate (load, link) {","    // circular stop condition","    if (link.depLoads)","      return;","","    if (link.declare)","      registerDeclarative(load, link);","","    link.depLoads = [];","    for (var i = 0; i < link.deps.length; i++) {","      var depLoad = getLoad(link.deps[i]);","      link.depLoads.push(depLoad);","      if (depLoad.linkRecord)","        instantiate(depLoad, depLoad.linkRecord);","","      var setter = link.setters && link.setters[i];","      if (setter) {","        setter(depLoad.module || depLoad.linkRecord.moduleObj);","        depLoad.importerSetters.push(setter);","      }","    }","","    return load;","  }","","  function registerDeclarative (load, link) {","    var moduleObj = link.moduleObj;","    var importerSetters = load.importerSetters;","","    var locked = false;","","    // closure especially not based on link to allow link record disposal","    var declared = link.declare.call(global, function (name, value) {","      // export setter propogation with locking to avoid cycles","      if (locked)","        return;","","      if (typeof name == 'object') {","        for (var p in name)","          if (p !== '__useDefault')","            moduleObj[p] = name[p];","      }","      else {","        moduleObj[name] = value;","      }","","      locked = true;","      for (var i = 0; i < importerSetters.length; i++)","        importerSetters[i](moduleObj);","      locked = false;","","      return value;","    }, { id: load.key });","","    if (typeof declared !== 'function') {","      link.setters = declared.setters;","      link.execute = declared.execute;","    }","    else {","      link.setters = [];","      link.execute = declared;","    }","  }","","  function register (key, deps, declare) {","    return registry[key] = {","      key: key,","      module: undefined,","      importerSetters: [],","      linkRecord: {","        deps: deps,","        depLoads: undefined,","        declare: declare,","        setters: undefined,","        execute: undefined,","        moduleObj: {}","      }","    };","  };","","  function registerDynamic (key, deps, executingRequire, execute) {","    return registry[key] = {","      key: key,","      module: undefined,","      importerSetters: [],","      linkRecord: {","        deps: deps,","        depLoads: undefined,","        declare: undefined,","        execute: execute,","        executingRequire: executingRequire,","        moduleObj: {","          default: {},","          __useDefault: true","        },","        setters: undefined","      }","    };","  }","","  function makeDynamicRequire (deps, depLoads, seen) {","    // we can only require from already-known dependencies","    return function (name) {","      for (var i = 0; i < deps.length; i++)","        if (deps[i] === name) {","          var depLoad = depLoads[i];","          var depLink = depLoad.linkRecord;","          var module;","          if (depLink) {","            if (seen.indexOf(depLoad) === -1)","              module = doEvaluate(depLoad, depLink, seen);","            else","              module = depLink.moduleObj;","          }","          else {","            module = depLoad.module;","          }","          return module.__useDefault ? module.default : module;","        }","    };","  }","","  function doEvaluate (load, link, seen) {","    seen.push(load);","","    if (load.module)","      return load.module;","","    var err;","","    // es modules evaluate dependencies first","    if (link.setters) {","      for (var i = 0; i < link.deps.length; i++) {","        var depLoad = link.depLoads[i];","        var depLink = depLoad.linkRecord;","","        if (depLink && seen.indexOf(depLoad) === -1)","          err = doEvaluate(depLoad, depLink, depLink.setters ? seen : []);","      }","","      link.execute.call(nullContext);","    }","    else {","      var module = { id: load.key };","      var moduleObj = link.moduleObj;","      Object.defineProperty(module, 'exports', {","        configurable: true,","        set: function (exports) {","          moduleObj.default = exports;","        },","        get: function () {","          return moduleObj.default;","        }","      });","      var require = makeDynamicRequire(link.deps, link.depLoads, seen);","","      // evaluate deps first","      if (!link.executingRequire)","        for (var i = 0; i < link.deps.length; i++)","          require(link.deps[i]);","","      var output = link.execute.call(global, require, moduleObj.default, module);","      if (output !== undefined)","        moduleObj.default = output;","      else if (module.exports !== moduleObj.default)","        moduleObj.default = module.exports;","","      // __esModule flag extension support","      if (moduleObj.default && moduleObj.default.__esModule)","        for (var p in moduleObj.default)","          if (Object.hasOwnProperty.call(moduleObj.default, p) && p !== 'default')","            moduleObj[p] = moduleObj.default[p];","    }","","    var module = load.module = new Module(link.moduleObj);","","    if (!link.setters)","      for (var i = 0; i < load.importerSetters.length; i++)","        load.importerSetters[i](module);","","    return module;","  }","","  // {} is the closest we can get to call(undefined)","  var nullContext = {};","  if (Object.freeze)","    Object.freeze(nullContext);","","  function defineModule (name, module) {","    return registry[name] = {","      key: name,","      module: module,","      importerSetters: [],","      linkRecord: undefined","    };","  }","","  return function (mains, depNames, exportDefault, declare) {","    return function (formatDetect) {","      formatDetect(function (deps) {","        var System = {","          _nodeRequire: nodeRequire,","          register: register,","          registerDynamic: registerDynamic,","          registry: {","            get: function (name) {","              return registry[name].module;","            },","            set: defineModule","          },","          newModule: function (module) {","            return new Module(module);","          }","        };","","        defineModule('@empty', new Module({}));","","        // register external dependencies","        for (var i = 0; i < depNames.length; i++)","          defineModule(depNames[i], createExternalModule(arguments[i], {}));","","        // register modules in this bundle","        declare(System);","","        // load mains","        var firstLoad = load(mains[0]);","        if (mains.length > 1)","          for (var i = 1; i < mains.length; i++)","            load(mains[i]);","","        if (exportDefault)","          return firstLoad.default;","","        if (firstLoad instanceof Module)","          Object.defineProperty(firstLoad, '__esModule', {","            value: true","          });","","        return firstLoad;","      });","    };","  };","","})(typeof self !== 'undefined' ? self : global)","/* (['mainModule'], ['external-dep'], false, function($__System) {","  System.register(...);","})","(function(factory) {","  if (typeof define && define.amd)","    define(['external-dep'], factory);","  // etc UMD / module pattern","})*/",""],"l":{"1":1,"2":1,"4":1,"6":1,"7":0,"10":0,"15":1,"16":0,"19":0,"20":0,"21":0,"22":0,"23":0,"25":0,"26":0,"27":0,"31":0,"33":0,"38":0,"40":0,"43":1,"44":0,"47":0,"49":1,"50":1,"51":1,"53":1,"55":1,"56":0,"57":0,"59":0,"62":1,"63":0,"65":0,"66":0,"68":0,"69":0,"71":0,"73":0,"75":0,"77":0,"80":1,"82":0,"83":0,"85":0,"86":0,"88":0,"89":0,"90":0,"91":0,"92":0,"93":0,"95":0,"96":0,"97":0,"98":0,"102":0,"105":1,"106":0,"107":0,"109":0,"112":0,"114":0,"115":0,"117":0,"118":0,"119":0,"120":0,"123":0,"126":0,"127":0,"128":0,"129":0,"131":0,"134":0,"135":0,"136":0,"139":0,"140":0,"144":1,"145":0,"160":1,"161":0,"180":1,"182":0,"183":0,"184":0,"185":0,"186":0,"187":0,"188":0,"189":0,"190":0,"192":0,"195":0,"197":0,"202":1,"203":0,"205":0,"206":0,"208":0,"211":0,"212":0,"213":0,"214":0,"216":0,"217":0,"220":0,"223":0,"224":0,"225":0,"228":0,"231":0,"234":0,"237":0,"238":0,"239":0,"241":0,"242":0,"243":0,"244":0,"245":0,"248":0,"249":0,"250":0,"251":0,"254":0,"256":0,"257":0,"258":0,"260":0,"264":1,"265":1,"266":1,"268":1,"269":0,"277":1,"278":0,"279":0,"280":0,"286":0,"291":0,"295":0,"298":0,"299":0,"302":0,"305":0,"306":0,"307":0,"308":0,"310":0,"311":0,"313":0,"314":0,"318":0}}}